

***********************************************************************
Fatal NI connect error 12560, connecting to:
 (DESCRIPTION=(ADDRESS=(PROTOCOL=BEQ)(PROGRAM=oracle)(ARGV0=oracleses)(ARGS='(DESCRIPTION=(LOCAL=YES)(ADDRESS=(PROTOCOL=beq)))'))(CONNECT_DATA=(SID=ses)(CID=(PROGRAM=H:\oracle\ses\bin\ctxload.exe)(HOST=EDDIE2)(USER=raford))))

  VERSION INFORMATION:
	TNS for 32-bit Windows: Version 10.1.0.5.0 - Production
	Oracle Bequeath NT Protocol Adapter for 32-bit Windows: Version 10.1.0.5.0 - Production
  Time: 03-FEB-2009 18:50:10
  Tracing not turned on.
  Tns error struct:
    ns main err code: 12560
    TNS-12560: TNS:protocol adapter error
    ns secondary err code: 0
    nt main err code: 530
    TNS-00530: Protocol adapter error
    nt secondary err code: 2
    nt OS err code: 0


***********************************************************************
Fatal NI connect error 12560, connecting to:
 (DESCRIPTION=(ADDRESS=(PROTOCOL=BEQ)(PROGRAM=oracle)(ARGV0=oracleses)(ARGS='(DESCRIPTION=(LOCAL=YES)(ADDRESS=(PROTOCOL=beq)))'))(CONNECT_DATA=(SID=ses)(CID=(PROGRAM=H:\oracle\ses\bin\sqlplus.exe)(HOST=EDDIE2)(USER=raford))))

  VERSION INFORMATION:
	TNS for 32-bit Windows: Version 10.1.0.5.0 - Production
	Oracle Bequeath NT Protocol Adapter for 32-bit Windows: Version 10.1.0.5.0 - Production
  Time: 03-FEB-2009 18:50:26
  Tracing not turned on.
  Tns error struct:
    ns main err code: 12560
    TNS-12560: TNS:protocol adapter error
    ns secondary err code: 0
    nt main err code: 530
    TNS-00530: Protocol adapter error
    nt secondary err code: 2
    nt OS err code: 0


***********************************************************************
Fatal NI connect error 12560, connecting to:
 (DESCRIPTION=(ADDRESS=(PROTOCOL=BEQ)(PROGRAM=oracle)(ARGV0=oracleses)(ARGS='(DESCRIPTION=(LOCAL=YES)(ADDRESS=(PROTOCOL=beq)))'))(CONNECT_DATA=(SID=ses)(CID=(PROGRAM=H:\oracle\ses\bin\sqlplus.exe)(HOST=EDDIE2)(USER=raford))))

  VERSION INFORMATION:
	TNS for 32-bit Windows: Version 10.1.0.5.0 - Production
	Oracle Bequeath NT Protocol Adapter for 32-bit Windows: Version 10.1.0.5.0 - Production
  Time: 03-FEB-2009 18:50:29
  Tracing not turned on.
  Tns error struct:
    ns main err code: 12560
    TNS-12560: TNS:protocol adapter error
    ns secondary err code: 0
    nt main err code: 530
    TNS-00530: Protocol adapter error
    nt secondary err code: 2
    nt OS err code: 0


***********************************************************************
Fatal NI connect error 12560, connecting to:
 (DESCRIPTION=(ADDRESS=(PROTOCOL=BEQ)(PROGRAM=oracle)(ARGV0=oracleses)(ARGS='(DESCRIPTION=(LOCAL=YES)(ADDRESS=(PROTOCOL=beq)))'))(CONNECT_DATA=(SID=ses)(CID=(PROGRAM=H:\oracle\ses\bin\sqlplus.exe)(HOST=EDDIE2)(USER=raford))))

  VERSION INFORMATION:
	TNS for 32-bit Windows: Version 10.1.0.5.0 - Production
	Oracle Bequeath NT Protocol Adapter for 32-bit Windows: Version 10.1.0.5.0 - Production
  Time: 03-FEB-2009 18:50:29
  Tracing not turned on.
  Tns error struct:
    ns main err code: 12560
    TNS-12560: TNS:protocol adapter error
    ns secondary err code: 0
    nt main err code: 530
    TNS-00530: Protocol adapter error
    nt secondary err code: 2
    nt OS err code: 0


***********************************************************************
Fatal NI connect error 12560, connecting to:
 (DESCRIPTION=(ADDRESS=(PROTOCOL=BEQ)(PROGRAM=oracle)(ARGV0=oracleses)(ARGS='(DESCRIPTION=(LOCAL=YES)(ADDRESS=(PROTOCOL=beq)))'))(CONNECT_DATA=(SID=ses)(CID=(PROGRAM=H:\oracle\ses\bin\sqlplus.exe)(HOST=EDDIE2)(USER=raford))))

  VERSION INFORMATION:
	TNS for 32-bit Windows: Version 10.1.0.5.0 - Production
	Oracle Bequeath NT Protocol Adapter for 32-bit Windows: Version 10.1.0.5.0 - Production
  Time: 03-FEB-2009 18:50:39
  Tracing not turned on.
  Tns error struct:
    ns main err code: 12560
    TNS-12560: TNS:protocol adapter error
    ns secondary err code: 0
    nt main err code: 530
    TNS-00530: Protocol adapter error
    nt secondary err code: 2
    nt OS err code: 0
