
SQL*Loader: Release 12.1.0.1.0 - Production on Mon Aug 11 18:29:56 2014

Copyright (c) 1982, 2013, Oracle and/or its affiliates.  All rights reserved.

Control File:   loader.ctl
Data File:      loader.ctl
  Bad File:     loader.bad
  Discard File:  none specified
 
 (Allow all discards)

Number to load: ALL
Number to skip: 0
Errors allowed: 50
Bind array:     64 rows, maximum of 256000 bytes
Continuation:    none specified
Path used:      Conventional

Table MYDOCS, loaded from every logical record.
Insert option in effect for this table: REPLACE

   Column Name                  Position   Len  Term Encl Datatype
------------------------------ ---------- ----- ---- ---- ---------------------
FILENAME                            FIRST    80   ,       CHARACTER            
FILEDATA                          DERIVED     *  EOF      CHARACTER            
    Dynamic LOBFILE.  Filename in field FILENAME


Table MYDOCS:
  3 Rows successfully loaded.
  0 Rows not loaded due to data errors.
  0 Rows not loaded because all WHEN clauses were failed.
  0 Rows not loaded because all fields were null.


Space allocated for bind array:                   5248 bytes(64 rows)
Read   buffer bytes: 1048576

Total logical records skipped:          0
Total logical records read:             3
Total logical records rejected:         0
Total logical records discarded:        0

Run began on Mon Aug 11 18:29:56 2014
Run ended on Mon Aug 11 18:29:56 2014

Elapsed time was:     00:00:00.19
CPU time was:         00:00:00.00
