
Export: Release 19.0.0.0.0 - Production on Mon Jun 17 05:35:58 2019
Version 19.3.0.0.0

Copyright (c) 1982, 2019, Oracle and/or its affiliates.  All rights reserved.

Connected to: Oracle Database 19c Enterprise Edition Release 19.0.0.0.0 - Production
Starting "S1"."SYS_EXPORT_SCHEMA_01":  s1/******** dumpfile=expdat.dmp content=metadata_only include=statistics 
Processing object type SCHEMA_EXPORT/TABLE/INDEX/STATISTICS/INDEX_STATISTICS
Processing object type SCHEMA_EXPORT/TABLE/STATISTICS/TABLE_STATISTICS
Processing object type SCHEMA_EXPORT/STATISTICS/MARKER
Master table "S1"."SYS_EXPORT_SCHEMA_01" successfully loaded/unloaded
******************************************************************************
Dump file set for S1.SYS_EXPORT_SCHEMA_01 is:
  /ade/b/2729850815/oracle/rdbms/log/expdat.dmp
Job "S1"."SYS_EXPORT_SCHEMA_01" successfully completed at Mon Jun 17 05:36:12 2019 elapsed 0 00:00:13


Import: Release 19.0.0.0.0 - Production on Mon Jun 17 05:36:15 2019
Version 19.3.0.0.0

Copyright (c) 1982, 2019, Oracle and/or its affiliates.  All rights reserved.

Connected to: Oracle Database 19c Enterprise Edition Release 19.0.0.0.0 - Production
Master table "S1"."SYS_IMPORT_FULL_01" successfully loaded/unloaded
Starting "S1"."SYS_IMPORT_FULL_01":  s1/******** dumpfile=expdat.dmp table_exists_action=skip include=statistics remap_table=t1:t2 
Processing object type SCHEMA_EXPORT/TABLE/INDEX/STATISTICS/INDEX_STATISTICS
Processing object type SCHEMA_EXPORT/TABLE/STATISTICS/TABLE_STATISTICS
Processing object type SCHEMA_EXPORT/STATISTICS/MARKER
Job "S1"."SYS_IMPORT_FULL_01" successfully completed at Mon Jun 17 05:36:35 2019 elapsed 0 00:00:19

