SQL> @user
SQL> connect / as sysdba
Connected.
SQL> 
SQL> drop user s1 cascade;

User dropped.

SQL> 
SQL> create user s1 identified by s1;

User created.

SQL> grant dba to s1;

Grant succeeded.

SQL> 
SQL> connect s1/s1
Connected.
SQL> create table t1 (id number(10),c1 varchar2(15),c2 varchar2(10),c3 varchar2(10));

Table created.

SQL> insert into t1 values (1,'X','X','A');

1 row created.

SQL> insert into t1 values (2,'Y','Y','B');

1 row created.

SQL> insert into t1 values (3,'Z','Z','C');

1 row created.

SQL> begin
  2  	for i in 1..10000
  3  	loop
  4  	  insert into t1 values (4,'W'||i,'W'||i,'D');
  5  	end loop;
  6  end;
  7  /

PL/SQL procedure successfully completed.

SQL> commit;

Commit complete.

SQL> --
SQL> -- We'll create statistics on t2 but they will be stale
SQL> --
SQL> create table t2 as select * from t1 where 1 = -1;

Table created.

SQL> create index t2i on t2 (c1);

Index created.

SQL> exec dbms_stats.gather_table_stats(ownname=>null,tabname=>'t1',method_opt=>'for all columns size 1');

PL/SQL procedure successfully completed.

SQL> insert into t2 select * from t1 where rownum<1000;

999 rows created.

SQL> commit;

Commit complete.

SQL> --
SQL> exec dbms_lock.sleep(5)

PL/SQL procedure successfully completed.

SQL> --
SQL> --
SQL> --
SQL> create index t1i on t1 (c1);

Index created.

SQL> --
SQL> -- This query will generate column usage information for S1.T1
SQL> -- so we should get a histogram when we gather stats with
SQL> -- FOR ALL COLUMNS SIZE AUTO
SQL> --
SQL> select count(*) from t1 where c1 between 'W1' and 'W5';

  COUNT(*)                                                                      
----------                                                                      
      4446                                                                      

SQL> --
SQL> -- Create extended stats
SQL> --
SQL> select dbms_stats.create_extended_stats(user,'t1','(c1,c2)') from dual;

DBMS_STATS.CREATE_EXTENDED_STATS(USER,'T1','(C1,C2)')                           
--------------------------------------------------------------------------------
SYS_STUF3GLKIOP5F4B0BTTCFTMX0W                                                  

SQL> --
SQL> -- Gather stats on S1.T1
SQL> --
SQL> exec dbms_stats.gather_table_stats(ownname=>null,tabname=>'t1',method_opt=>'for all columns size auto');

PL/SQL procedure successfully completed.

SQL> --
SQL> -- Set a table preference
SQL> --
SQL> select dbms_stats.get_prefs ('TABLE_CACHED_BLOCKS','s1','t1') from dual;

DBMS_STATS.GET_PREFS('TABLE_CACHED_BLOCKS','S1','T1')                           
--------------------------------------------------------------------------------
1                                                                               

SQL> exec dbms_stats.set_table_prefs ('s1','t1','TABLE_CACHED_BLOCKS',50)

PL/SQL procedure successfully completed.

SQL> select dbms_stats.get_prefs ('TABLE_CACHED_BLOCKS','s1','t1') from dual;

DBMS_STATS.GET_PREFS('TABLE_CACHED_BLOCKS','S1','T1')                           
--------------------------------------------------------------------------------
50                                                                              

SQL> spool off
