begin
  ctx_ddl.create_preference('"MYINDEX_DST"','DIRECT_DATASTORE');
end;
/

begin
  ctx_ddl.create_preference('"MYINDEX_FIL"','NULL_FILTER');
end;
/

begin
  ctx_ddl.create_section_group('"MYINDEX_SGP"','NULL_SECTION_GROUP');
end;
/

begin
  ctx_ddl.create_preference('"MYINDEX_LEX"','BASIC_LEXER');
end;
/

begin
  ctx_ddl.create_preference('"MYINDEX_WDL"','BASIC_WORDLIST');
  ctx_ddl.set_attribute('"MYINDEX_WDL"','STEMMER','NULL');
  ctx_ddl.set_attribute('"MYINDEX_WDL"','WILDCARD_MAXTERMS','50000');
  ctx_ddl.set_attribute('"MYINDEX_WDL"','PREFIX_INDEX','YES');
  ctx_ddl.set_attribute('"MYINDEX_WDL"','PREFIX_MAX_LENGTH','4');
end;
/

begin
  ctx_ddl.create_stoplist('"MYINDEX_SPL"','BASIC_STOPLIST');
  ctx_ddl.add_stopword('"MYINDEX_SPL"','Mr');
  ctx_ddl.add_stopword('"MYINDEX_SPL"','Mrs');
  ctx_ddl.add_stopword('"MYINDEX_SPL"','Ms');
  ctx_ddl.add_stopword('"MYINDEX_SPL"','a');
  ctx_ddl.add_stopword('"MYINDEX_SPL"','all');
  ctx_ddl.add_stopword('"MYINDEX_SPL"','almost');
  ctx_ddl.add_stopword('"MYINDEX_SPL"','also');
  ctx_ddl.add_stopword('"MYINDEX_SPL"','although');
  ctx_ddl.add_stopword('"MYINDEX_SPL"','an');
  ctx_ddl.add_stopword('"MYINDEX_SPL"','and');
  ctx_ddl.add_stopword('"MYINDEX_SPL"','any');
  ctx_ddl.add_stopword('"MYINDEX_SPL"','are');
  ctx_ddl.add_stopword('"MYINDEX_SPL"','as');
  ctx_ddl.add_stopword('"MYINDEX_SPL"','at');
  ctx_ddl.add_stopword('"MYINDEX_SPL"','be');
  ctx_ddl.add_stopword('"MYINDEX_SPL"','because');
  ctx_ddl.add_stopword('"MYINDEX_SPL"','been');
  ctx_ddl.add_stopword('"MYINDEX_SPL"','both');
  ctx_ddl.add_stopword('"MYINDEX_SPL"','but');
  ctx_ddl.add_stopword('"MYINDEX_SPL"','by');
  ctx_ddl.add_stopword('"MYINDEX_SPL"','can');
  ctx_ddl.add_stopword('"MYINDEX_SPL"','could');
  ctx_ddl.add_stopword('"MYINDEX_SPL"','d');
  ctx_ddl.add_stopword('"MYINDEX_SPL"','did');
  ctx_ddl.add_stopword('"MYINDEX_SPL"','do');
  ctx_ddl.add_stopword('"MYINDEX_SPL"','does');
  ctx_ddl.add_stopword('"MYINDEX_SPL"','either');
  ctx_ddl.add_stopword('"MYINDEX_SPL"','for');
  ctx_ddl.add_stopword('"MYINDEX_SPL"','from');
  ctx_ddl.add_stopword('"MYINDEX_SPL"','had');
  ctx_ddl.add_stopword('"MYINDEX_SPL"','has');
  ctx_ddl.add_stopword('"MYINDEX_SPL"','have');
  ctx_ddl.add_stopword('"MYINDEX_SPL"','having');
  ctx_ddl.add_stopword('"MYINDEX_SPL"','he');
  ctx_ddl.add_stopword('"MYINDEX_SPL"','her');
  ctx_ddl.add_stopword('"MYINDEX_SPL"','here');
  ctx_ddl.add_stopword('"MYINDEX_SPL"','hers');
  ctx_ddl.add_stopword('"MYINDEX_SPL"','him');
  ctx_ddl.add_stopword('"MYINDEX_SPL"','his');
  ctx_ddl.add_stopword('"MYINDEX_SPL"','how');
  ctx_ddl.add_stopword('"MYINDEX_SPL"','however');
  ctx_ddl.add_stopword('"MYINDEX_SPL"','i');
  ctx_ddl.add_stopword('"MYINDEX_SPL"','if');
  ctx_ddl.add_stopword('"MYINDEX_SPL"','in');
  ctx_ddl.add_stopword('"MYINDEX_SPL"','into');
  ctx_ddl.add_stopword('"MYINDEX_SPL"','is');
  ctx_ddl.add_stopword('"MYINDEX_SPL"','it');
  ctx_ddl.add_stopword('"MYINDEX_SPL"','its');
  ctx_ddl.add_stopword('"MYINDEX_SPL"','just');
  ctx_ddl.add_stopword('"MYINDEX_SPL"','ll');
  ctx_ddl.add_stopword('"MYINDEX_SPL"','me');
  ctx_ddl.add_stopword('"MYINDEX_SPL"','might');
  ctx_ddl.add_stopword('"MYINDEX_SPL"','my');
  ctx_ddl.add_stopword('"MYINDEX_SPL"','no');
  ctx_ddl.add_stopword('"MYINDEX_SPL"','non');
  ctx_ddl.add_stopword('"MYINDEX_SPL"','nor');
  ctx_ddl.add_stopword('"MYINDEX_SPL"','not');
  ctx_ddl.add_stopword('"MYINDEX_SPL"','of');
  ctx_ddl.add_stopword('"MYINDEX_SPL"','on');
  ctx_ddl.add_stopword('"MYINDEX_SPL"','one');
  ctx_ddl.add_stopword('"MYINDEX_SPL"','only');
  ctx_ddl.add_stopword('"MYINDEX_SPL"','onto');
  ctx_ddl.add_stopword('"MYINDEX_SPL"','or');
  ctx_ddl.add_stopword('"MYINDEX_SPL"','our');
  ctx_ddl.add_stopword('"MYINDEX_SPL"','ours');
  ctx_ddl.add_stopword('"MYINDEX_SPL"','s');
  ctx_ddl.add_stopword('"MYINDEX_SPL"','shall');
  ctx_ddl.add_stopword('"MYINDEX_SPL"','she');
  ctx_ddl.add_stopword('"MYINDEX_SPL"','should');
  ctx_ddl.add_stopword('"MYINDEX_SPL"','since');
  ctx_ddl.add_stopword('"MYINDEX_SPL"','so');
  ctx_ddl.add_stopword('"MYINDEX_SPL"','some');
  ctx_ddl.add_stopword('"MYINDEX_SPL"','still');
  ctx_ddl.add_stopword('"MYINDEX_SPL"','such');
  ctx_ddl.add_stopword('"MYINDEX_SPL"','t');
  ctx_ddl.add_stopword('"MYINDEX_SPL"','than');
  ctx_ddl.add_stopword('"MYINDEX_SPL"','that');
  ctx_ddl.add_stopword('"MYINDEX_SPL"','the');
  ctx_ddl.add_stopword('"MYINDEX_SPL"','their');
  ctx_ddl.add_stopword('"MYINDEX_SPL"','them');
  ctx_ddl.add_stopword('"MYINDEX_SPL"','then');
  ctx_ddl.add_stopword('"MYINDEX_SPL"','there');
  ctx_ddl.add_stopword('"MYINDEX_SPL"','therefore');
  ctx_ddl.add_stopword('"MYINDEX_SPL"','these');
  ctx_ddl.add_stopword('"MYINDEX_SPL"','they');
  ctx_ddl.add_stopword('"MYINDEX_SPL"','this');
  ctx_ddl.add_stopword('"MYINDEX_SPL"','those');
  ctx_ddl.add_stopword('"MYINDEX_SPL"','though');
  ctx_ddl.add_stopword('"MYINDEX_SPL"','through');
  ctx_ddl.add_stopword('"MYINDEX_SPL"','thus');
  ctx_ddl.add_stopword('"MYINDEX_SPL"','to');
  ctx_ddl.add_stopword('"MYINDEX_SPL"','too');
  ctx_ddl.add_stopword('"MYINDEX_SPL"','until');
  ctx_ddl.add_stopword('"MYINDEX_SPL"','ve');
  ctx_ddl.add_stopword('"MYINDEX_SPL"','very');
  ctx_ddl.add_stopword('"MYINDEX_SPL"','was');
  ctx_ddl.add_stopword('"MYINDEX_SPL"','we');
  ctx_ddl.add_stopword('"MYINDEX_SPL"','were');
  ctx_ddl.add_stopword('"MYINDEX_SPL"','what');
  ctx_ddl.add_stopword('"MYINDEX_SPL"','when');
  ctx_ddl.add_stopword('"MYINDEX_SPL"','where');
  ctx_ddl.add_stopword('"MYINDEX_SPL"','whether');
  ctx_ddl.add_stopword('"MYINDEX_SPL"','which');
  ctx_ddl.add_stopword('"MYINDEX_SPL"','while');
  ctx_ddl.add_stopword('"MYINDEX_SPL"','who');
  ctx_ddl.add_stopword('"MYINDEX_SPL"','whose');
  ctx_ddl.add_stopword('"MYINDEX_SPL"','why');
  ctx_ddl.add_stopword('"MYINDEX_SPL"','will');
  ctx_ddl.add_stopword('"MYINDEX_SPL"','with');
  ctx_ddl.add_stopword('"MYINDEX_SPL"','would');
  ctx_ddl.add_stopword('"MYINDEX_SPL"','yet');
  ctx_ddl.add_stopword('"MYINDEX_SPL"','you');
  ctx_ddl.add_stopword('"MYINDEX_SPL"','your');
  ctx_ddl.add_stopword('"MYINDEX_SPL"','yours');
end;
/

begin
  ctx_ddl.create_preference('"MYINDEX_STO"','BASIC_STORAGE');
  ctx_ddl.set_attribute('"MYINDEX_STO"','R_TABLE_CLAUSE','lob (data) store as (c
ache)');
  ctx_ddl.set_attribute('"MYINDEX_STO"','I_INDEX_CLAUSE','compress 2');
end;
/


begin
  ctx_output.start_log('MYINDEX_LOG');
end;
/

create index "ROGER"."MYINDEX"
  on "ROGER"."MYTABLE"
      ("TEXT")
  indextype is ctxsys.context
  parameters('
    datastore       "MYINDEX_DST"
    filter          "MYINDEX_FIL"
    section group   "MYINDEX_SGP"
    lexer           "MYINDEX_LEX"
    wordlist        "MYINDEX_WDL"
    stoplist        "MYINDEX_SPL"
    storage         "MYINDEX_STO"
  ')
/

begin
  ctx_output.end_log;
end;
/



