===========================================================================
                       INDEX SIZE FOR ROGER.MYINDEX
===========================================================================
TABLE:                               ROGER.DR$MYINDEX$I
TABLESPACE NAME:                     USERS
BLOCKS ALLOCATED:                                                        8
BLOCKS USED:                                                             4
BYTES ALLOCATED:                                         65,536 (64.00 KB)
BYTES USED:                                              32,768 (32.00 KB)

LOB SEGMENT:                         ROGER.SYS_LOB0000158780C00006$$
TABLE NAME:                          ROGER.DR$MYINDEX$I
LOB COLUMN:                          TOKEN_INFO
TABLESPACE NAME:                     USERS
BLOCKS ALLOCATED:                                                       16
BLOCKS USED:                                                            16
BYTES ALLOCATED:                                       131,072 (128.00 KB)
BYTES USED:                                            131,072 (128.00 KB)

INDEX (NORMAL):                      ROGER.DR$MYINDEX$X
TABLE NAME:                          ROGER.DR$MYINDEX$I
TABLESPACE NAME:                     USERS
BLOCKS ALLOCATED:                                                        8
BLOCKS USED:                                                             4
BYTES ALLOCATED:                                         65,536 (64.00 KB)
BYTES USED:                                              32,768 (32.00 KB)

INDEX (LOB):                         ROGER.SYS_IL0000158780C00006$$
TABLE NAME:                          ROGER.DR$MYINDEX$I
TABLESPACE NAME:                     USERS
BLOCKS ALLOCATED:                                                        8
BLOCKS USED:                                                             4
BYTES ALLOCATED:                                         65,536 (64.00 KB)
BYTES USED:                                              32,768 (32.00 KB)

INDEX (IOT):                         ROGER.SYS_IOT_TOP_158783
TABLE NAME:                          ROGER.DR$MYINDEX$K
TABLESPACE NAME:                     USERS
BLOCKS ALLOCATED:                                                        8
BLOCKS USED:                                                             4
BYTES ALLOCATED:                                         65,536 (64.00 KB)
BYTES USED:                                              32,768 (32.00 KB)

INDEX (IOT):                         ROGER.SYS_IOT_TOP_158789
TABLE NAME:                          ROGER.DR$MYINDEX$N
TABLESPACE NAME:                     USERS
BLOCKS ALLOCATED:                                                        8
BLOCKS USED:                                                             4
BYTES ALLOCATED:                                         65,536 (64.00 KB)
BYTES USED:                                              32,768 (32.00 KB)

TABLE:                               ROGER.DR$MYINDEX$R
TABLESPACE NAME:                     USERS
BLOCKS ALLOCATED:                                                        8
BLOCKS USED:                                                             8
BYTES ALLOCATED:                                         65,536 (64.00 KB)
BYTES USED:                                              65,536 (64.00 KB)

LOB SEGMENT:                         ROGER.SYS_LOB0000158785C00002$$
TABLE NAME:                          ROGER.DR$MYINDEX$R
LOB COLUMN:                          DATA
TABLESPACE NAME:                     USERS
BLOCKS ALLOCATED:                                                       16
BLOCKS USED:                                                            16
BYTES ALLOCATED:                                       131,072 (128.00 KB)
BYTES USED:                                            131,072 (128.00 KB)

INDEX (NORMAL):                      ROGER.DRC$MYINDEX$R
TABLE NAME:                          ROGER.DR$MYINDEX$R
TABLESPACE NAME:                     USERS
BLOCKS ALLOCATED:                                                        8
BLOCKS USED:                                                             4
BYTES ALLOCATED:                                         65,536 (64.00 KB)
BYTES USED:                                              32,768 (32.00 KB)

INDEX (LOB):                         ROGER.SYS_IL0000158785C00002$$
TABLE NAME:                          ROGER.DR$MYINDEX$R
TABLESPACE NAME:                     USERS
BLOCKS ALLOCATED:                                                        8
BLOCKS USED:                                                             4
BYTES ALLOCATED:                                         65,536 (64.00 KB)
BYTES USED:                                              32,768 (32.00 KB)

TOTALS FOR INDEX ROGER.MYINDEX
---------------------------------------------------------------------------
TOTAL BLOCKS ALLOCATED:                                                 96
TOTAL BLOCKS USED:                                                      68
TOTAL BYTES ALLOCATED:                                 786,432 (768.00 KB)
TOTAL BYTES USED:                                      557,056 (544.00 KB)



