===========================================================================
                     STATISTICS FOR "ROGER"."MYINDEX"
===========================================================================

indexed documents:                                                      1
allocated docids:                                                       1
$I rows:                                                               14

---------------------------------------------------------------------------
                             TOKEN STATISTICS
---------------------------------------------------------------------------

unique tokens:                                                         14
average $I rows per token:                                           1.00
tokens with most $I rows:
  QUICK (0:TEXT)                                                        1
  QUIC (6:PREFIX)                                                       1
  QUI (6:PREFIX)                                                        1
  QU (6:PREFIX)                                                         1
  Q (6:PREFIX)                                                          1
  FOX (6:PREFIX)                                                        1
  FOX (0:TEXT)                                                          1
  FO (6:PREFIX)                                                         1
  F (6:PREFIX)                                                          1
  BROWN (0:TEXT)                                                        1
  BROW (6:PREFIX)                                                       1
  BRO (6:PREFIX)                                                        1
  BR (6:PREFIX)                                                         1
  B (6:PREFIX)                                                          1

average size per token:                                                 3
tokens with largest size:
  QUICK (0:TEXT)                                                        3
  QUIC (6:PREFIX)                                                       3
  QUI (6:PREFIX)                                                        3
  QU (6:PREFIX)                                                         3
  Q (6:PREFIX)                                                          3
  FOX (6:PREFIX)                                                        3
  FOX (0:TEXT)                                                          3
  FO (6:PREFIX)                                                         3
  F (6:PREFIX)                                                          3
  BROWN (0:TEXT)                                                        3
  BROW (6:PREFIX)                                                       3
  BRO (6:PREFIX)                                                        3
  BR (6:PREFIX)                                                         3
  B (6:PREFIX)                                                          3

average frequency per token:                                         1.00
most frequent tokens:
  QUICK (0:TEXT)                                                        1
  QUIC (6:PREFIX)                                                       1
  QUI (6:PREFIX)                                                        1
  QU (6:PREFIX)                                                         1
  Q (6:PREFIX)                                                          1
  FOX (6:PREFIX)                                                        1
  FOX (0:TEXT)                                                          1
  FO (6:PREFIX)                                                         1
  F (6:PREFIX)                                                          1
  BROWN (0:TEXT)                                                        1
  BROW (6:PREFIX)                                                       1
  BRO (6:PREFIX)                                                        1
  BR (6:PREFIX)                                                         1
  B (6:PREFIX)                                                          1

token statistics by type:
  token type:                                                      0:TEXT
    unique tokens:                                                      3
    total rows:                                                         3
    average rows:                                                    1.00
    total size:                                                         9
    average size:                                                       3
    average frequency:                                               1.00
    most frequent tokens:
      QUICK                                                             1
      FOX                                                               1
      BROWN                                                             1

  token type:                                                    6:PREFIX
    unique tokens:                                                     11
    total rows:                                                        11
    average rows:                                                    1.00
    total size:                                                        33
    average size:                                                       3
    average frequency:                                               1.00
    most frequent tokens:
      QUIC                                                              1
      QUI                                                               1
      QU                                                                1
      Q                                                                 1
      FOX                                                               1
      FO                                                                1
      F                                                                 1
      BROW                                                              1
      BRO                                                               1
      BR                                                                1
      B                                                                 1


---------------------------------------------------------------------------
                         FRAGMENTATION STATISTICS
---------------------------------------------------------------------------

total size of $I data:                                                 42

$I rows:                                                               14
estimated $I rows if optimal:                                          14
estimated row fragmentation:                                          0 %

garbage docids:                                                         0
estimated garbage size:                                                 0

most fragmented tokens:
  QUICK (0:TEXT)                                                      0 %
  QUIC (6:PREFIX)                                                     0 %
  QUI (6:PREFIX)                                                      0 %
  QU (6:PREFIX)                                                       0 %
  Q (6:PREFIX)                                                        0 %
  FOX (6:PREFIX)                                                      0 %
  FOX (0:TEXT)                                                        0 %
  FO (6:PREFIX)                                                       0 %
  F (6:PREFIX)                                                        0 %
  BROWN (0:TEXT)                                                      0 %
  BROW (6:PREFIX)                                                     0 %
  BRO (6:PREFIX)                                                      0 %
  BR (6:PREFIX)                                                       0 %
  B (6:PREFIX)                                                        0 %



