<ctx_result_set>                                                                
  <count>3</count>                                                              
  <groups sdata="VENDOR">                                                       
    <group value="Sports USA">                                                  
      <count>2</count>                                                          
    </group>                                                                    
    <group value="Shoeware">                                                    
      <count>1</count>                                                          
    </group>                                                                    
  </groups>                                                                     
  <groups sdata="PRICE">                                                        
    <group value="109">                                                         
      <count>1</count>                                                          
    </group>                                                                    
    <group value="129">                                                         
      <count>2</count>                                                          
    </group>                                                                    
  </groups>                                                                     
  <groups sdata="MYDATE">                                                       
    <group value="2017-12-06 05:44:54">                                         
      <count>3</count>                                                          
    </group>                                                                    
  </groups>                                                                     
</ctx_result_set>                                                               
