 DOFOCAG
DOBOFI
CACOF
GIBIFOBE
DIG
FACIGECO
D
GOBECOB
FIBAC
BA
CECEFEGO
BIDIGOB
FAFAGOCI
DACAGACI
GOBIFOC
DE
DACAC
BE
GAGOD
CE
GODA
FI
COGAFO
GOGIF
BAGAF
BIC
BO
G
CIFAG
GIDAF
DEGA
C
FODICI
GEBE
FOC
G
G
FEFI
G
FAG
DAGOBO
GAB
BEGIC
DIGEDO
FODAG
CABICIBE
BIBACA
DEF
D
GED
B
DOGIF
FOCIFIBO
COCOFEFI
CIGABACI
D
COFODA
GECID
CEFA
BO
CAGOBOBA
BAFAGIGA
BA
DABEB
GADIFIB
BECOC
BIGOG
CI
BIGAFECO
F
GI
GIDI
C
FAG
F
FAFEFOF
FIGOCA
BI
DEBOF
DEDI
DABADE
BICAG
DIFAD
DOF
DAFACOFO
BIGABOGE
GE
FODAFO
GOFABO
G
DACECAC
BEF
CE
BADEGIC
DIFEF
C
CIGAD
GIB
BOBOFEDA
GODIDOB
GI
CAFO
F
BACECAG
BODIBO
FE
GODIDI
GAGIFEFI
DE
FIGEGE
DIFO
DIBACEBE
GODOCE
BI
FECACIC
CAFA
CID
GEBAG
F
GEGOCOBA
F
FE
CEGOB
GEFE
BIDIDIF
CECEFIG
GE
BAG
DIDIBEC
FE
B
BIDA
BIFI
C
FEGEGO
BAFECO
GADIFECE
BA
BICI
COCIG
DIBOD
BODIBEG
DOGI
DAGO
CAF
DIFEFOGA
GOC
BO
CEFE
FEDOFIDA
FIFOC
BAC
GIBAGE
BIGE
G
I
CODODO
DEBIG
GICEDIC
FA
DE
BABADACE
G
CODABO
DOC
DED
DECOB
CEC
BIFICA
DEFOB
CAF
DADE
BABOBEF
D
BEDOCECO
BAGIFI
DI
G
C
DODIDECO
F
B
B
FIF
FIDOD
BABEFAD
CEGOGEG
DI
DA
CABIDO
GE
COGIFODE
GA
BOCICIDE
GECOCABI
DAGAGAB
CAFECICA
G
BICIFOG
DEFIGECE
B
BEFEF
BOFACA
FICIDA
CEBOBA
BAD
G
GAGICAFO
FACEBI
DADE
FODIDIC
DODEDIBE
CICECI
FEFEB
GIBIGO
C
BACOGAF
FEFO
BEBECIB
DECAFO
GAGI
DE
FIFODOG
GO
GIBI
GOCE
GEDI
FOGIGAGO
FIFA
BAFOGO
BOFE
DID
GIB
G
DEFADEDE
GEFI
BEDOGOGI
CA
CID
DACAB
GIFEFAD
C
GE
FEBOD
BEGE
DOBEF
CEDIF
BAGEF
GIG
B
DODOFI
DECA
GO
FIB
BEDIGIBA
B
C
COFE
DA
GACI
GEDO
BADAG
FOBIDED
CAG
FA
GABOF
GECAFOGO
GAB
DEG
DOGOCOCE
D
GOCOFOG
FAGA
F
FAFIBIB
DIFE
F
CEFODA
DODAFED
BODI
GE
GOB
F
FEBACI
DA
FE
FOGAGE
BIBIDAGE
G
BOFACOF
BIC
FAFECO
GABIFEG
GIFE
FIDAGOB
GAB
C
DECAC
DOCICAFO
CEGAB
DIBAF
CAB
GABIFEGA
FEGIGOF
COF
BACE
GEBI
G
DAC
CODEC
GE
GOCIC

FADEBOG
FIDAGEFI
DEGOD
FOBOC
CE
DADAD
BECEBOFA
BO
BOCAFAD
DACOFOFI
B
BACEFOD
FECOGAG
BAGODIC
GEDECIC
FODABE
BOF
BABI
D
D
FEGEFABA
GED
FE
GOBAC
FICOB
C
FE
GIBICEG
BIDI
BADE
F
DOGEGI
G
BED
D
FOF
B
BABIBI
BOCIDICO
B
FID
DIB
GAFAD
GI
BEBIDACI
BEC
C
GADADE
C
DA
GEGI
FEC
DAFOGIBA
DIFAFEC
GIBIDODA
CO
DIBECIF
DI
G
GE
D
GEC
GIDIC
D
CABEDI
DACIBEBI
CIFICED
DEC
GOFOCOB
D
FECIC
GAC
DEDED
FEBOBA
GOG
FEGAGEC
CIGI
CAGOGIBA
BOBI
CIDAFA
FEGI
CE
DA
GABOBED
DO
F
DA
DIDI
FIBIG
GOBEFOFA
BACODO
FI
FA
CIGEGEBI
GE
F
GIB
GOGECA
GIF
GI
BE
CIG
D
CAFA
D
FABI
CI
FABA
FEB
BECABO
FODA
CABE
DIGA
GAFABO
DABAGA
BAC
BI
CIBEF
COBAGADA
BECI
GEF
FIFEF
B
DOFAFE
FEGO
BIDAF
C
CECIFAC
CEBADE
C
FECOFAD
FIGOBICI
DEGOG
GEFECIB
CEGED
GE
F
FOBEG
GIDO
DABAGA
GADICIG
GEF
G
GA
BOFIFIG
BE
CE
D
DOG
GEDE
FOBACOGO
FIG
DOC
FE
CO
CIG
BO
DEF
FEGI
B
CA
FOCA
GEB
C
CIBIBOGI
C
CI
FED
FICI
BIG
FEBAGIFA
BO
DABIDAB
COGA
GI
GIBA
CAGA
CEF
FOGE
DEGABA
BIBI
CEGAGI
G
FAG
D
GOFE
G
FIB
BECA
FEC
G
GIFOB
CECO
C
F
CACEDID
CEGA
DIDAFOCI
GODIDAC
DEGIC
C
DICIFE
FEC
BIFIG
GAGOBID
B
CAFO
DEDAFAFA
GECOFOC
FOD
DIBEFEC
G
CIGIFO
GEB
BODECAF
GOCAG
CODI
GAGE
DAB
F
DADAC
C
FOBIGAG
CIBIDA
D
CEBI
DECADAFI
FEFIDEFI
DICIG
GIBEDOG
BOC
BIB
DIFAGEDE
GA
BODAGODO
CED
CECIGEB
DEBI
GO
GIDO
C
D
DIDAFOD
DOB
BODEDEG
DIDIDA
CACE
DIFECACI
GADIGEFA
GAGIG
DIBOGE
GAFI
BI
F
FIDABI
C
DIFA
DIGA
DOC
DIGID
FEDODIB
CIFAGAF
BIGE
D
CODIGE
FIFIBOD
COCOBA
FOCEFIDE
BABA
FIDICOB
B
COCEFE
FAFAB
BOBA
B
GAFOC
GOGO
DI
DEFIFOB
BICEC
GAF
GADADIBI
FI
DABE
BEGEDOG
GEFOD
CODAGI
G
CIBO
DAF
BE
DAG
FICODA
GEDICACO
D
BOG
GOGEF
CIB
DI
CICEF
DOFEDADA
CICA
FE
DIC
DAD
CIFI
FEGIBOG
DECE
GI
CAB
FOCACIGE
GO
C
CIBAB
FEGIDEC
DED
GEBOBI
GEFEFE
GACECABI
FACI
DA
CEDEGOCI
G
BOGEGEFO
GEC
EGA
GECIFEFO
GEGIDOC
CECICIBE
C
GACABEC
CEBEC
BABEFA
FACI
COG
GAFICAD
BOBODIBI
BAFIDEFA
GIDO
C
DIFI
FID
FEGIGAC
D
BEFOCAD
BEGIDABI
FEDOGEB
FADECO
DOFED
DODIGI
CEGABEBE
DIF
DADOCOGO
C
CIDOC
DAGOGA
CEGAD
GADIDE
CEG
CO
BICIB
BOFEBI
CIBADIB
GOGAB
BE
B
BIDIDAD
CEBACI
DAGEGOB
DAGE
FOB
FAD
CICICO
DED
GECO
F
CIF
DO
DIBAFA
DODAF
FABOD
FED
BO
BACI
BADODE
BAFOG
GOBE
BE
DOFACAC
DIBIFEC
BOFOD
BECIBOFA
BO
FEDAFECE
GICEBOFI
DEGABE
FEFOCAGE
BECA
CIF
BOD
BO
FEDI
DID
FOFODIGI
CABADAG
DEGACOCO
GE
DECOBACO
DEFIFAB
CEDA
DAC
CIGECOBI
DODE
BO
FIDOGA
F
FI
CE
DE
GABECIF
BECOBEGO
B
D
GOCIGOFA
FOCEC
D
FA
GOGIGEBI
DE
BOC
CAG
BIGO
DOCADODI
FI
FAD
FE
CEGAG
BODAB
CECEDE
FIBAGOD
DEDA
DIDOCIF
DA
BEGAGIG
CABEBOCO
CO
BEBICADE
DOCODED
BAF
BOGOBA
F
DADE
FEFIDED
CEBAF
BIG
B
FEBOB
DIGABEFA
CEGE
BOCIDI
C
BEGODAB
DA
CEGAGI
CO
FIFIFABA
CEC
BE
CIGIBO
CABE
FACAGO
DOB
FOBEBAC
FA
BOG

FEGOCOGO
GIDAGEFO
FABOG
GIG
BEF
DIGIF
DEGAGEF
F
GOCEFA
DOFOGEDE
F
CAFOF
DABEFADI
FOGEFIGI
BO
COB
FEDEBAF
DIDABICI
DOFIDOG
BEGIFI
D
GOCEFODO
GEFIGODA
GAGOFI
DEDEBECA
CIDODA
D
CIF
C
GOGI
FEBOGEF
GADOGI
FICO
GIBIDE
BEDIB
F
CIDACAFE
BACO
FAGEGOFA
FICAFIDE
FEFIBA
DECEB
G
BIGAGE
DOBA
FI
DICOBIF
DE
FI
GO
GAF
GI
DO
CO
FAGOFIGI
DOFIFICE
DEDIGE
CECO
DIBAG
FOBI
BOGIG
BOB
DEGAC
F
CECIG
BAGO
CA
DID
GAC
BADOC
GE
DIBECO
DICADE
COGIFACA
DEGOFE
DAFOC
COFEGE
DAGEB
GAFIFA
GACAFEBO
CA
B
GIFEDI
C
FIC
CABADODO
GADAG
GACEGIDO
CACEF
GOCOCE
FADAGICO
BOBOCA
GE
DOGAF
FIDIBA
FOFA
CODIGA
CEDICO
C
F
COCOGOF
C
BIGABEC
GOCOB
FABI
FABICI
GEDI
FAGO
BEB
COGEFE
GAG
GIFECO
COFAB
BECEBOGI
BOG
CI
BABIBI
BODIDOD
B
COCADE
GED
DEBODEF
DA
CODACA
CEFOB
BIBODAG
GED
CIFEBEGI
BE
GE
DEBEGID
GICODA
C
FOC
DOCEDA
DID
DAF
CE
FOFOCIGE
DABAC
GIDA
GICEGI
FECID
CA
GABIC
BAG
B
FAGECED
G
BADE
 FE
COB
FICOFO
BEDICADE
BAGEFIC
DAF
F
CEFAGOGA
GIGADE
CO
DAB
DE
DIFABOB
DIC
CIFABAGI
DEDICI
FADE
DEB
DEF
FEBADO
BI
CIDEC
BAGAFIGE
C
DICAF
FADIDAGE
DOCADOG
DODEGIGA
GI
DEDACI
COC
DIFOFIFA
BI
DAGABIFI
FIB
DEDAGE
BABADOFO
CIFOBOFI
DAC
CAF
D
GACA
C
D
CIGOCO
CODI
CO
DIGAD
CAFOG
BA
CAFOBIBO
GOF
GAGA
BAD
G
GOGIBE
GI
DIGABOGA
GIBAC
COCECIBO
BODIFOFA
DEDECI
BAF
FECIC
FABAFIBA
F
BOBOCIDO
BOBEG
BEBAF
CECACAGO
FAG
GEBAD
GOFOFAFA
GACOCIB
DOCADE
FAD
BAFO
DIGOGIFO
GIDIGED
F
BICAC
BOCEDEB
GACICA
DI
DOBABO
B
DACEDAG
DAFAG
GOCIGE
G
BO
BICAFA
GECID
BECE
GIBAFA
CEDECO
BE
FE
BOGOCO
G
FIDOB
CODEDIG
DOGIFO
CACEB
GOGAFEF
CAGID
CE
DOBA
FOBOFA
B
BODE
FOCI
DEFAFAFA
FABOFIDO
FOD
DODE
CECICID
FA
BOBID
FI
B
FADEB
CO
G
F
FOCICOD
BACO
GEBOFAG
FECO
FABIGI
BA
GOFAFIF
DA
GEGOFIBI
GO
GECIGE
GIG
FEBEFO
GOFIDA
GIGIB
DIDO
B
DOGECAF
FODEGOGI
BICADIDE
CECOC
B
FOBEBIG
GADI
BEBOCA
F
FIDIDI
DABEDO
DEFECOD
CIBEBAD
GOGE
CODABO
DIBICO
D
BEBI
GOBOB
GEG
G
CID
BIG
B
BEGI
CODOGI
BEBO
GOB
DOCA
BADEFIFE
FA
D
FAFE
CADAFED
BECOCE
CABAFEG
FEBICO
G
CADA
DE
FO
G
GODIF
GIFEFAC
CACIC
FADEB
FECIFAC
CAF
FEB
CA
FABOCE
DI
DACABEF
FAGIGOD
CEF
BAGABADE
FADECA
DEFOCOGI
CAD
C
CA
BAGECI
CICEFIF
CIDO
D
FAC
FEB
D
GO
DECEBOG
CEGIGI
CED
GAGEGE
GICOCIG
BA
GI
DOGE
DAGOCA
BEFO
DIFA
FEGODEBA
DOFEB
DI
BIBECE
FI
DOFI
DIFAF
DIF
BEF
GE
C
CI
BIDI
C
DEBAB
FIC
FECECIB
GOD
GODAGI
F
GIB
BOBOFAGO
BEF
DOCOCI
FIF
CADEFEC
BICIBICE
CEDIDOB
FA
DOC
GEDE
BAG
BAB
BI
GACIGIDI
F
G
DOFIDID
GICIDOGO
FOF
FOD
FA
G
C
CAGOCEFI
CAFABABA
B
COFIBIC
DIDI
FIF
D
DIBA
DABAFED
DAC
GOF
BODABE
FI
BADEFE
BI
DAD
CAB
BEGEBABI
DACADA
GO
GOF
CEF
BIBEBEBA
DEBODED
B
GEDAC
DOCE
BO
BEFEDIGE
GAFA
COCIB
DEFI
GADID
DADIB
C
C
CA
CABEDA
GEFOB
DI
GOCOCOFI
DIFAGO
FA
CAG
CECOGO
DIB
BIGO
 G
BIB
D
DEFA
FEC
GOFEDO
GICEGAFE
CODADAC
GODIDAF
BAGEDAGE
DOCID
BABODACO
FABOCAB
B
FODIFOF
BEBI
D
FEF
DEGABI
CADIFO
DE
CA
DIBIBE
BIFIDE
FOCADEC
BEGE
DIB
FEDA
CECO
DEBACI
BAGIGI
COCI
FE
DEBA
DAFOGIB
BADOBICA
GACIB
COFABE
C
GOG
DOCAF
D
D
DOBAFA
BIC
DE
DOB
BICAC
GIFA
FIGECOF
CABOG
FA
D
BO
F
GOCA
BIFI
CIGIFO
BIDEDEG
B
DI
GAGEDA
GEBABE
FO
G
B
BIFOC
FEDIGIGE
BICA
DOCADOF
COBAFABA
CICIC
DIDAB
GOFOBA
CAFA
G
DI
FIGAG
DEGAGOD
DAF
DIGAGAF
GIBACOD
COBE
B
FAB
GAFICOFO
CAGIGA
FOG
D
FA
FI
DICOBIC
BECOBE
DOCI
G
DIGI
BACAFOB
CAF
GEG
DOGIFO
GIFAC
FOGIB
BOBAGECI
CACE
DOCAB
BAG
GACOCICE
CE
GI
DAFA
CEDIFA
FAFIDA
BOGID
GEFE
BEBO
CIGEDAC
DIG
BEB
FEFA
DIFOD
B
GOCIDI
CAGEBIDE
FAFOB
GOGACA
CE
G
FAFE
GIDOCOC
CADABI
G
DO
DIDIGIG
CI
B
C
COFIGI
DODEC
D
FOCE
BADAGA
G
B
GODACIF
DOCEBEB
BI
DADACIG
BEBIC
B
CAFIGOGO
GAF
C
GI
F
FACIGADA
D
BACOBIDE
CEBEB
GI
GE
CA
DAFODA
CEG
CADECICO
CODIFAG
BEFEFOB
COF
BIBIB
FIDOBE
DAF
CEBO
G
DE
FACOF
B
CEBO
C
DEFE
GO
GOD
DEFAFOD
DOFA
G
DOCIDADI
GI
FEDO
CI
CEDIFAF
GABOCAC
GOCEGE
FIBAC
CIB
FAGOB
BEDOB
DID
GODOCE
DIC
BAFEB
FI
GIBICEG
FIBI
BECIFO
G
BEFO
GOFAF
CIFICO
FOF
FEB
DIFIDEDI
BAGOC
CEGAGOD
CO
BOFIDO
C
BOC
GIBIG
GOFEF
GOGAD
DEF
C
B
GOFABAC
GEFIGECO
BICOGE
FIC
COB
BE
BEF
CIFEC
BE
DAFABOC
FAC
CAGIG
G
GAGOFOB
FIFAFE
CABEF
FICI
DADEG
GADICE
C
F
DEFEGIDA
DI
F
GOCO
BEGECEC
COCOD
DO
FIBOGIFI
GI
F
C
COFOGODE
FICIGACO
GIFODICO
BOFIFOGA
BOCOFE
CIGOFODA
GECAD
BOC
GIFABI
DECOBAFA
FOGAC
BI
BA
C
GIGO
CEFIBOD
BOFO
DIDEFAF
DA
FOD
DOGECI
DEGI
DEDIB
BADEBAG
GICEFE
DIBIC
CIGOG
DEGIDICO
GIDI
B
DEDAC
DE
BODEBI
DAGEG
BIDIDIGI
DAGOBAC
D
CEGIFEBA
COGI
DA
DICIGEBE
GOBICE
CODA
FOCEG
G
D
BO
CACIDECA
BODABACI
DEBIB
CODI
DEFODACO
FIFA
DIBI
FOCIC
BODIBA
CI
FIBAF
FEFI
FEDIGO
BEDEG
CEBA
B
BOCIF
CE
BIDAG
DEDOFO
D
BOFOCOB
CI
GODE
DODOFOFI
B
F
FIGIB
BACO
GOFADOBO
DIBA
DEFOBIG
GABA
FOBOCAB
B
BO
DEGIG
BIGAGEGE
GIFOFA
BEBICEG
G
F
DEGECA
BEBECA
GOGE
GIC
FOFODO
DEFIFI
GEDAFEB
DODABA
FEBIFEB
CAGEC
B
GA
G
GABA
GABOGADE
DIDIBEGI
F
DAGEFA
CEDADACI
COBA
G
DABICOD
COGI
D
FIFADI
BECODO
CEBE
BO
DIBOB
BOBOGIDO
COGAG
CEGEBEDA
CODAC
DE
G
CE
BE
GODIFOB
BOCO
FIGODEDE
GADOBAB
FAGI
BEF
BAFAD
FI
DOCEBI
FEBEDOC
GIFOFE
CECE
FA
DAFO
FIDACAD
FI
GEBABOB
FO
BACAGOGE
FO
COGAFE
GICA
FOGI
CECEG
DOD
BIDICO
C
DACO
DIGID
CICOGADO
BADACOBA
DAGOBOFA
GIC
B
BA
DE
GO
DADOCO
BOB
C
BE
GAFE
D
DEGIDA
DACIDO
FOGODE
GO
FOCEC
BAGO
DABOBED
C
BODE
FIBABODE
B
GIFIF
BAFOB
BEBAG
FOBO
CIFOGEB
F
FOGEC
B
BACIB
B
DIDEDODE
COB
DOGICAD
CAGEB
F
G
CIGIC
GAD
FOGIG
FOBEFOF
DEGEDE
CO
F
BOBIFEC
DABAGI
BE
GECIFIGO
CO
DED
CAGA
GEG
FODOG
DECIFO
BAFEGOG
B
FODOBO
BODIG
G
GABE
DAFID

DACAFEGO
GIDOD
D
BA
CECAF
FEBIGE
DEB
FOC
FIFODI
G
CODIBAB
D
DOCABECI
CAFA
FOB
BEF
CABAC
FOGICEB
GEF
BABABI
CACE
DIFIBO
B
GAB
DICOFIB
CODIGAC
BAGABEC
GA
GADE
DIG
GEDEGEDO
BIDEDAC
CACIDI
GOF
FEFO
BAF
FI
FABIDOGI
GE
FOCA
GOFIBADE
B
CID
FACADOBA
GOBOFI
GID
GODEG
BIDEGI
BIC
DIBECIB
COFIBOC
DAC
BA
DIFOFI
DODOFA
FIDOCA
COF
GEDOFAB
GADI
GEDACA
COC
BACIGO
BABEG
D
DI
FOB
BADOBIFI
FIDIBEDA
DIDOBE
COGE
BAFIBEDI
FEFE
BIBACAGO
CAFA
DEDIBEDA
GIB
GOCO
GEG
FADECEF
FECODAB
G
COBA
CEBI
FACIDIGO
DIBIGODI
FOBOCODI
CEGAFEC
F
F
FACADE
COBOBECA
FIBOG
CECIDIBE
BECIGABA
FOFECEDA
D
D
GAB
CAB
FOB
FAFO
F
FOBIGEDA
D
C
GEF
DECIDAC
GA
FIGED
DEBEGECI
G
BOBODEG
DIFIC
BAF
G
DODADI
F
CEGIFOF
FIGOCIGE
FO
FA
G
FA
C
BAFIFIFA
FIBICA
FIBIG
DAGA
DAFEDO
DEDOBE
COD
CECICAF
DEBOGOCE
FADIC
GODOBI
G
BAC
BI
D
GOGA
GABOGIF
CABOGACI
FOGE
C
BE
COG
GIBEBI
FIBAGE
BAFACO
GE
GIG
DIF
GOGO

BIBOFEG
GABEDODI
D
DABOCI
BIF
DOCAFI
BE
GEFOGEF
G
CEFECEFE
FIDA
GOD
CEGEB
GICIFO
CA
BOFABOFI
GAFEBEC
CACACOF
CEGI
FOGAGA
DOGOFOFA
GIBABE
CO
BECEC
FOBA
DICE
BA
CEB
D
BO
GIC
BIDI
BEF
FA
BEGE
BOG
F
GE
GEGIF
GABOBEB
BEG
FE
CAG
DAFEG
DOB
G
CAGA
BAGOBA
GEFAC
DECIGEDA
GACAC
BEGIDOFO
FOCACIGA
D
GABOGOF
C
FACAGE
FAGICADA
FAGIFEF
FO
COBICE
CACIFO
GOCAFO
DIDI
DAFI
CE
DAB
DO
GOBEG
CIDIGAC
DOB
GADEBIDE
BA
GAGICI
GADIB
CODIBO
DOGIGEC
COGO
B
DICIDI
GO
GADO
COGO
BACODA
DADABIFE
FIGIFO
FID
GEGOFEG
DADACA
COCAB
FAFAB
DECEBA
CIDIFICO
DAG
GAGOGIFA
GEF
D
CEBEBIC
DICIBIF
DICAB
CODIGEG
BIDEDI
FEFE
DOGO
FEGICEGO
DO
FED
GODIFE
CIDIFOFE
DADIFE
GE
CABACI
GABA
F
BAB
GED
C
GOGACECE
FE
DAF
BEF
DABAGEDI
FEG
BECIFIB
FEC
FICA
C
BIBOF
CI
B
FOBO
FECICE
DAFOCAF
FA
BABAGOF
CECAFE
GO
DEBAFO
FE
GIFE
BIGABIB
BICIBOD
BOGOFE
DIDADE
BEGACA
GICECEG
DEGEFA
DEF
DAFIBIC
CEDAGO
FEGE


GOCACOGI
G
CIFOB
GE
CIFABOBI
DEBEC
CABEDADI
BIDODAGE
GED
DEBAGED
BEDIG
BEBIFI
GOGADO
GIGOGIG
CEB
G
GIGE
COGI
CEGOF
D
BIB
FEB
FOCEC
GICIGOB
GOGEBA
DOF
CIDECI
D
FAG
BABECO
BIFEDIFA
DEBIDO
FO
BEBA
CAD
BECA
CIBO
DA
DI
DIDIC
FI
DAFIF
DOC
GECI
DIFAB
FEDI
BOGE
CEDIGADI
FECIG
GI
BICICID
FOD
FO
BEBABEFO
CEC
G
BOBO
CE
GEFOFO
GOFAGIB
COFIGO
DECIG
CEDEFO
F
BAG
BIBIDOFI
GIBOCI
CO
DIFAFEFA
GIFOF
FO
CIDEB
BOBE
GADO
GE
BIBIGOGE
D
B
DEGIDI
DODOBIF
GA
G
FIBIBAG
CIDOGEF
COBIGO
FIGOCOB
BIGEFA
DAFABIBE
GABOCEGE
FABOGOCI
FAFI
DACOF
FEF
C
GEG
CACOBODI
DEGADI
GIGI
D
COCIC
DA
GOG
BOGABEC
D
DEGIB
FOGA
DEDIBOCA
GOBAGE
BE
DECAFOC
DI
CIDODO
BOG
GABOBO
DE
DEFACOFI
GA
COGO
GIFADEC
D
DECAC
BEFO
FAD
DABABOF
BICIFO
CE
GEF
BA
GIDAC
GIGAC
CICEBA
GEGIDA
DEDICEGA
DADABIC
FAG
FEGIBA
BACAG
BOGODA
CID
FADEDA
DEB
F
FE
GIBEBI
C
CICOBI
CEDE
FIFACI
BO
GEGEGIF
DEFE
BOBOG
B
DOB
 GIFA
BAC
DIGI
COCIFE
BA
DECACAD
CACEFI
FOCOC
CACO
F
D
CEFI
COCIGA
C
GOCECOFE
DOCOC
CIBA
GECOGEF
GAFOGID
BIDEGOC
DABOBOFI
GI
COGOGODA
GI
CEB
DAGIC
BIGOFODO
BIFEDOG
GEC
GIF
BOFAFEB
FEB
BIFAGEFO
D
DOBOGA
CIFADA
GICIGA
BEDOB
FOCA
GICAC
GAFOD
CAGEFA
GO
FIDO
DA
BOFACE
CE
DEFEFIB
DAFEC
C
GA
BEBO
GODIF
BIDODEDI
GOG
FICAF
GIBOC
BECIFIC
BEGAF
GEB
G
DEGE
BO
BEB
DAG
D
GEGA
DI
GOCI
BOGIDAD
COFECOBI
DOBIFAC
FO
GECOG
B
DA
F
FAFO
GEGOGIG
BOGOB
BEDIGO
CODI
DOG
GABE
CADIFAGA
BECADIFI
CIDABO
F
GOFOF
GIG
C
DOBAGIC
DAB
DAFO
FO
FE
FO
BIDIFE
GEDIDI
GIFAGEDO
BECABO
GEGEGIFA
FAG
D
CADAB
C
CIG
CEFECI
DEFECOFI
BEDODICA
FOG
BAFAGA
GODABE
COFOBIC
GECAC
DOFE
CEBOCOBI
DODOF
FODAFEGA
FO
C
GOFOBECO
DOBIB
FEDABEDA
FEBOGABI
FEDEDOFI
FEBEBIF
FOFEFE
FABIBED
FECIDIG
GEFE
COFIGIBE
COCA
CIC
GEFOBO
FOGA
FICAF
BADIGI
FAB
BEBED
GEFAF
C
BOGEC
GO
DEGOBEGO
FA
CAGEGOBA
FAFIB
BEG
GOC
 FEG
DO
DO
CECODA
DEFODEDO
GIDECAFI
BE
DEC
GOCED
BEDIFIBO
GEBIDO
GAGAGI
DI
DECEDOBI
BA
BICEGE
GIC
FICODE
CI
DODIBEB
DEFO
D
DODAFO
BO
DEGEC
FOBO
COBEC
BAFECOBE
G
GIFIDOG
CACE
FEDIG
BIGE
DADIG
BAGOGAC
DEFEFIG
F
GAFADAD
GADEB
COFABAC
CEFA
DADO
DIGEDOG
DOG
BIC
BEFE
GI
CEDECIG
F
CIBIFIFA
B
FEBOCIB
FICEBO
COBOD
CEBEFA
FID
C
FA
BEFEBEDO
FI
GEDEBE
FEGA
CAGOFAGO
BE
FOFAGI
BO
FEGI
BODACOB
DAGICABI
CIFADABA
BIDIFACO
B
DEGAFOB
CADIDEGA
GAGAGO
FODIBIF
C
BOGOFO
CEFIBIBO
GOFAGAFE
BOGADOB
BADOFEG
GAF
COBIC
D
GECOGI
CICI
BIB
B
BACIDIF
DOFEB
DA
COBOB
G
GAFECODA
DABOBEG
FOGECO
BOCOB
FACOFE
BED
CAFIDAG
D
BIG
CABACOG
G
FIGIGAD
BE
GEGOCEGO
FAD
FECOB
DOBEBO
GE
CAF
G
DADOBIGA
BIGO
CEBO
BODADIF
G
BIFA
FOF
BOGEBIG
FOBEDED
DOCEBECA
BICEFI
B
GACOGI
COB
DEBADAG
FIFAFI
GABEFO
GIGIBE
BOGOFOG
FAFACEDA
CAG
CO
DEGEGAF
FICIDO
BOCACO
BEGIDI
F
FECOD
C
CA
DI
CEBIGI
DOFODAG
BIGI
BO
CIC
CA
C
BI
GOC
C
FEDAGIFE
CIDEDAC
CABOFE
DA
B
DOGAC
FOBAFE
DIDOCAC
GED
DAGIFOCA
BACAF
BEFICICA
DIFIF
BECA
BABA
B
G
BADEDA
BE
CI
GABO
GOD
FIDO
BOB
GOBACAF
GODOGA
COCE
CAG
DAGADAD
COGO
DEFEDOCA
BAC
BAFA
BAD
BADA
F
F
D
BOGOF
FICECA
GA
CACEB
DEGAGODO
GIBO
BEB
FEBADOBA
CEBOG
DEDEGIG
GEDOCOD
GEBEFIDI
CAFABEG
BAD
FOFIBEC
BEDIC
FEDO
FOBEFODI
CODE
COB
GOBIFA
BEF
D
FOFO
DOGA
FIDIFOBO
FIGECE
BEGOD
GEF
GA
DOCEDIGI
DOFA
GOFEDEBI
BAGEBE
FA
GEDID
FOBIDA
GADEBIFO
FIGEFAF
G
FOCI
GE
DEDABIG
D
GACO
DABICOF
BIGOGOC
FIBEDE
GIDEBOD
FEFOF
DIB
BIDA
BEDI
DAF
DEBAFO
FAGED
GICIDO
GICEB
DOC
DADIGEGE
FADE
DOFEBEF
GEGA
C
CIDO
COFODOC
CIBOCE
COFOB
FOBI
CACABID
DAFI
CA
CEGEB
DEBICO
DEBAFO
DOBI
BAFO
CADOB
GEDACIDA
DI
DECOBI
GO
GIGIGI
CIC
FOCEFA
FOD
GA
DOGEF
DAC
BIFOC
DOFEGI
CE
BOBOF
BEBADEG
BIGAFECI
GODOC
CECABAB
C
C
BADODAD
GE
DEB
CODOCAGA
BOFIFED
CICOB
GEDO
CI
G

FEDAGE
GEFECIB
FADODO
COGEDEDI
BOC
GEBAC
G
CIBIFAFE
GEFOGIBO
D
GOGEF
COFI
BEG
D
DEFOFECE
DACIB
C
BE
FADIB
DIDIGAG
B
BIFIFOC
BODECEBA
GIDOCOC
GIDEB
FA
CEFOF
BABOF
BOD
GOC
BACACEFE
GEFOD
FEBOG
FEBACED
F
GEBIB
DE
COCEFI
F
DA
D
CO
FABADEB
BIFOD
BIB
DIFEFEG
CODAD
DAC
B
F
D
DE
GAGI
CADE
FE
CAF
BIBACAD
CIDACIB
BOBIG
BEDE
CECODODA
FA
DOGICABO
CIBEFO
DEDIDIB
FOF
BIC
FOD
DOBAC
FE
COD
BIFIF
FOBEF
BIDEBO
BIGIC
FIGOG
CEBIBIDA
GOGEF
G
FOGEB
BAGA
BICE
COCE
FIGADE
CA
GAFADI
DEDODA
COBABI
FABAGO
FOFEBIF
BOCI
GIGOB
C
FIBABICE
CA
GI
FOFIG
GOCI
CEGEDODI
DADOB
BOGEG
COGOGIGE
F
FEF
DOGE
FI
BIFIF
FA
DED
F
FADAC
DEBOBECO
GOCACIDO
GECABOD
FIBE
DIBIGAB
BOGE
COBO
GA
F
FAC
DADEBEG
FOFEFA
GODO
B
CODOC
DIGOB
FEF
GEBOGIDE
CEFOBEC
CIFEBOGE
FEFECID
DAFEGODO
DOCID
DOGI
BOFIDADA
GABODIGE
BEBO
GEFA
GIBOCE
BE
CACICO
BACOBIFO
FA
CEDEDABI
CACIDOG
FOC
BEBIGEF
CICOB
FAFOD
BEF
ACAG
CABA
BI
FEBADOCI
GICA
F
FAGO
BI
DAFIDO
BAB
GEDEGOGE
BEGI
CEF
CAGABODA
DAGODA
BAD
C
D
COBACACE
BEBAD
FO
DO
DEFIB
FICABI
BOCEGI
FAC
DABOG
FAFA
BID
DOGIC
BIGECA
FOBI
DECIDEGE
CODAG
DIGIFEB
BE
FAGEB
GEBA
CECEFIFE
DODEG
BECO
CAFIGE
BO
BO
CADEGAG
C
COFOF
FIFOFO
DAFO
GO
D
DIDA
FAGO
BOGAFIBE
BAGECE
BAFIGIGE
COCOCIC
FIGADEF
G
DEDE
DACEDEBE
C
GEGEBODO
DADOCAFO
BI
BOGE
C
GIF
DOFOG
CIBODO
FECED
BI
COBAF
BICECI
COFIG
FOC
FIBOC
GA
CAG
FAFIBE
BEDEBA
BOBE
BIDODAFI
G
B
BICECA
FEBACOCA
BODAFO
DICIG
FOD
DAG
BIBA
COCE
F
GIFAB
BEGEGEBI
GICE
CEBICEG
CADOFEDE
D
DOBIBEFI
C
DAFA
CECOFAC
FOB
B
D
F
FOC
FAFEBEGI
DOFAG
FE
GOCIC
GAFED
CEG
CA
DIFEFOCE
C
DOD
DI
DIBECI
CADADI
CEGEC
FEFED
C
CEFIFOD
B
BECOB
DI
FOF
DAFOFOG
G
DOFIFIFO
GI
CAFEGO
GE
BACO
BOGO
BECOCAD
FA
BACIFIC
BIBOD
DA
COFAG
CACE
GE
CIDEBABE
GOCO
BABAB
CABO
C
BADAC
BOCI
CEDEG
BOC
FIF
CADI
CODAGED

GADADA
GOBEDAGI
DECEDIF
DIFACIB
D
B
CABOG
BICABI
FACAGA
CIGIDO
CAFIGIF
F
GOFI
BOFIB
BE
GODOBABI
BECIG
FIGECE
CA
FEBE
FIBAFIG
CEC
FACOGI
FAB
DACACE
GADIFE
G
D
DIBIBEGE
DEBID
DIGODECA
CEDOGOFO
BEGIFE
BIC
GECOF
GODOGOC
DI
C
FEDIDEB
FE
CICO
CIG
CE
DIFI
G
GIGI
FOFID
FAGEFE
DOCI
F
CODIDAC
GOB
GI
GOFIGEFA
C
GEFOBEDO
BOFA
B
FIDECOD
DOCIBIC
CAGIB
GACECAG
D
B
GIDOGEBA
DIBOGADA
GIFIDI
COBIBECA
B
CIFAG
BABA
D
CA
FAGOGABA
DOBODIC
CEBID
CIBAFAG
CAGACEBI
GIDAGOBE
CIF
GOGIB
DADO
FOBOCI
FABEGOD
GA
F
BEBOGO
CEBOFO
BAB
FA
BECADE
F
BOBE
GAB
FADEG
DOBEDOC
BIBIDOF
DAGI
CIB
GEFEBEBA
DEFEBIDI
GE
GEGOCAC
CICOFOD
GAB
GAGECOB
CABEGOFE
COBE
DIBAGA
BICIG
GEFAGIFE
BIBAFOBO
GEFEB
D
DAFEB
DEDEBAD
FAD
BI
GOBIGIDA
GODIG
GIGO
GOCE
D
FADEF
CAGODEC
COFAGA
FAC
DAFACO
CIFAGAG
GEDOCAF
FEGOCI
BEBAFO
B
DIG
BOCO
BIFAC
D
GADA
DEFEGE
CABEBI
B
BOFE
COCEFO
DODECA
DID
DODEGOC
FIBAFE
CO
CE
BABOB
FEBEFODO
D
BOGI
FICAF
DEBOB
C
CEBE
BAC
GEGEC
D
D
DIGIFOD
BOFO
GAF
CACACIB
GAGIFOB
GECAC
DODAD
FED
GEFICE
DECOF
DOFAFO
D
F
GIB
DA
DEFODEC
GICEDO
D
CIFADODO
GE
GO
BOF
CEG
BAGODAG
COB
CEGEGO
GOBEBEB
GAGAGICO
GA
DAGE
FEBAGID
F
BE
B
GOFE
CA
DAGA
F
FEG
CADIDAD
GAB
CI
COGICE
FED
F
BO
FOBIBOGO
GICIGO
GADIF
GI
DIFEC
GAGOBA
DEBIFE
DED
COG
GE
GOGODO
DAFIDE
GABADIC
BAF
GOBAGOGO
CIDE
DOD
DOCEBOB
FOCADA
DEDO
FIGEBO
DIBAC
DEGECOF
GOCEG
GI
D
DA
GODO
GODODOF
FADABEFE
GOGAD
B
GOFIBADI
CAFAFID
CAGEBOB
DI
B
FEGEDO
CEF
CIBABE
CIG
DE
GOGE
GA
FIF
GA
GEDOBAF
F
GACIC
C
BEDOBE
CODABIC
COCED
FOFAB
BE
GO
CIG
FAGAD
DEF
DIFA
COGEBIF
BAG
FODOBI
FODIDAGA
GADO
F
BACIFE
CABOGOCI
BADABIGO
BEBEFE
DIBOFAF
COFI
FE
FI
GAB
FA
CIG
GIBA
FAGEBE
FIGID
FIDE
BI
GAFODO
DACODA
F
BEC
BAB
FIGOD
CECAC
C
DACIFA
CICIGEB
BIBADECA
DABIBOF
GACODACO
FIBADIBO
DED
FAD
FAF
FAGEDO
DA
GIF
F
GADABIB
FOGABA
BAF
G
DIG
BACIBAB
DAFA
BID
D
BEGA
BECACAFE
GODEGI
GAFICIGA
CA
DEBAFOF
CIFEDOB
GOBICICO
D
BICO
FAC
FIFA
G
CA
DI
DADIF
GADOCOFA
FICOF
DA
COB
CAFEFI
F
FE
FADAG
GOGI
FEDIDOCO
C
DE
COFA
CICAC
FI
D
C
DOCO
GIF
DADIGI
GIGOCACA
CACAC
FOCIFAG
F
DEFEC
FEBICI
B
CAC
DA
CABAFIFI
DOGIFIG
C
BEGEFABI
GI
BI
DOBEFIF
FA
GEDAFACA
GE
FIB
CAB
DAGODEB
CED
CEDIGO
GECE
GECIBE
BEDIC
BEFACAGA
FICOFOF
FI
CACECOB
FEF
CEFEB
CABOGIG
FECOB
GACOGE
GIGAFED
DICOCI
GI
BAGOGA
BOBOFABO
C
DOGE
BE
FI
COGEC
GIDE
BADECA
DADECEC
DO
DOGA
GICI
B
CIDI
FOFAC
DAF
BICA
FEGIGAB
BIBEDA
BICOF
FAC
BOGOC
CACOFA
BABAC
G
GOGABOD
GEGADED
GADIGA
CEGO
FACO
DODE
C
DID
BE
GEBECOC
CIBO
BAGIF
COGIFOD
BAGODIDO
GOCI
CIFAFA
DICAFAF
F
GAFAFE
CADIFOFA
DADECE
D
FA
DEFEGODA
B
DICO
GO
FODOGADO
BOCADI
GEBIBA
DIDEGO
GACIF
FIFOCEF
DIG
CODIDOBI
FID
GEC
DEDOCABO
FEGOGO
CECIGOF
FEDID
CO

BOB
GABABOFE
DABI
CIB
GOF
CIBEBID
BAGEF
GO
FAFACEDE
FACIDODI
G
FAFEC
DIG
DI
DIFECE
GIGOF
CIB
FODO
FEDOC
GICEBAC
D
FAGE
B
GI
DECEG
DO
BEBABO
DIBAG
GABA
G
FICABICA
BEDID
DIGEBEBO
COGIG
GEBICIC
CEBOGEFO
CO
CADEFEF
COGEFO
BEGEBEBO
FIGOBA
FAFIFO
FIG
FEBOGE
GEGE
GOBEDI
FO
GEFACEB
D
CIB
DA
BAGIDE
BO
CODI
C
FIDIGA
BICAB
CI
DAFIFE
FEDIFA
GA
COCIFEFE
BIFAGA
D
GOD
DADODIC
FEBOGO
D
C
BE
CE
FO
GODE
GECEGAGI
C
DOCADI
GODA
FAFEB
GIF
BIDICIGE
FADO
BICEFED
CIDAGA
DAFOBIG
GIG
CIFE
C
DEBAGEF
DIDAG
FIFIGO
DABEFOC
DADE
F
DOCIB
CA
GIFADIB
CA
CAGAFEB
GIFICI
CO
DICEGIFA
BOCOBI
G
BIDOBEB
FIB
BOC
F
FAGACEG
DABIDEFE
BIFAB
F
C
DICICE
DICIF
GEGA
GIGABOF
FIG
GI
FEGI
FADOBI
CO
BIBOFAF
FIBA
COBIBOBE
CACODADI
GAB
DIG
COF
DECEGA
CIDIB
CEFADAF
FIDEGOGI
GEFA
GADIGOG
GIBACE
CADEG
C
DO
FAFEF
BIG
F
CI
CIGA
DAGO
GAF
COFAD
COBECECE
BACO
GIGOGOCI
CIGAFODI
FOB
DECAF
CAC
GE
BE
DAC
GOF
BACACOD
GIDIDO
BEG
GODAGAFI
C
BIDOG
BAFOCO
CI
CODO
CO
BABIFAD
BADEGAD
DAGA
GOBAGOCA
FAGEBIC
CO
FEDIGE
BOFEDE
DEGECI
CEFOCO
GIFOGE
GIFADA
CEBIGOB
FAFIDAGE
FA
FODO
GI
CIBOBOG
CADOGID
CADOFEFA
D
DIGA
FAFOCOFE
DAFID
CIBAC
CEC
FEDE
DAFOCA
GEDIBADA
BICIB
B
G
B
C
FO
FICIFAC
B
CICEBO
GOCO
FAGO
CEG
GOCIBEGE
FIBOFIBI
F
BEDOBA
GE
GAGABOG
D
FI
BEDE
FOFAFEFI
CEDACO
DEF
DE
FAF
FID
BIBODO
BEDEGEDI
CAFE
BOFEGO
CICECIGO
GO
CEB
CAG
BEB
DOG
F
CIBOFIFE
GEGEDE
FOFOCACI
FEC
DECAC
GAGECOBI
DO
F
GIGECOFI
C
CICICAC
DOFACE
CAFIBI
GOBOB
FAGIC
CAFIF
FADIGO
GEBECO
GID
FEFECIG
BECO
CAFE
FI
DICICOGO
CIBOG
GA
GEGIBE
BIBIDOF
BICOGOG
DIFAGOCA
FOBIDOF
GIDODEC
C
FADOGEDI
DODOC
BOFAC
CEDIGEC
BEDOCIFE
BEGI
BOBABIG
FAGEFOB
G
BIBEGE
CAF
CICIC
DOBAD
BECODA
BEB
DADEF
GACADOB
F
DEBID
DA
DO
DOBICO
G
GABEDI
GOB
FODEBIC
FAD
BEGAD
BIC
CEGOF
FOBID
BOCA
DE
BE
CEG
BIGE
BEFA
C
O
GIGEB
DOGIF
FIBAB
B
GIGOB
FEBOFO
GADAGI
CIGO
GACAB
BAB
DIDAGICI
B
GIGEDAC
C
FOCE
GE
BA
COFAC
CEBEGIB
CEDOBA
DIGEG
BABI
CO
GIDEFA
GE
DIFIBOCO
BABABA
FECAFAFI
CIDAGI
FEBE
FAGEDI
DO
F
G
FICE
GOFEFABI
DOCIFEC
D
BOFIDO
DE
FAF
GACO
BEFAB
GIFA
BOBEGAF
DEF
CODEGAG
CIFA
GAD
BIGAGEFA
DOCEBE
F
FOB
DABA
BABABIGI
GA
GA
B
GIGEDI
FEDOB
BOBI
BAGO
FOCOFO
BEDOG
FIGO
GEFAGED
GIDI
D
DIDIBOD
GIB
F
C
CABI
C
BEBODO
CIC
DAFEDIDO
DOB
GIDACICO
CIGABABE
DEGA
FAFO
GEDAG
F
GEBEDOD
DO
BODOB
DIGEB
D
FABACAF
BODEGA
CA
DOF
DAGOBIFE
FEDEC
CIFOCA
BEDEBIC
BA
COGADA
C
FEFOBE
BIF
GOGACA
DE
FOCOCA
DABACOFE
CECOBO
COBADAD
BAFAGI
CIFOGOGA
C
GOCICA
FEG
CAGO
CID
FIBAGIFE
GOFIFAB
COGA
CAF
COB
CEF
GEGACIG
CAC
FAFOBIGA
DIF
G
CADE
GE
DOGIDA
GEGA
CIGEG
CEBE
FEFEGI
FOGACED
DIFODI
DO
BIC
FACEB
DACACE
GIGEFA
DIDOGOG
F
GEFAB
FIG
CE
FIF
BO
DABIDO
COG
CADAFA
DOD
CEGICAGE
FIFICE
F
BOD
AG
GEBOGI
FOGOCEB
FEGADOGA
BABIBE
GIBOFADA
COGADECI
BICODIB
GOFO
GID
D
C
FE
FECIF
BIFIB
BIFOGE
CIC
GEBA
GEB
C
G
DIBODE
FODAF
GACOGOFO
CICI
DICOCOG
GABAFAC
C
BACEGIFI
DI
GACI
GEFO
F
CIDEBA
D
CAFED
BAFIDO
D
BACA
DE
COCAGAC
BADOC
CE
C
CADO
DA
FA
DIFECED
GACA
BEDI
BEF
BEFOFO
FIGACIFA
DEBID
COCECIFO
BACIG
CAC
FOC
CACEB
BADOB
FOCACO
F
FABIGA
CADOCECE
FEGODIC
BAGEDOD
DAGOBABE
GIGO
FACA
FODEGOCO
B
BICACI
CO
FECIG
GIGIB
BOGEF
FAFAF
G
G
FI
COGIFAF
DIC
GO
DED
BEDAFIF
DAFIDEGI
DI
CEBOB
GIBE
DIBEC
F
FIG
GEBAFEG
GOD
GEFI
CI
GADO
FI
BI
C
CIDEDAGA
GAD
DECEDED
BO
CABEBEDA
GICE
FAGAFOGE
GIGIC
GID
FICIGOB
C
D
DEGAF
BODOC
FA
DIBED
D
GOBIBI
C
DEC
BEFE
COFOCI
CAFADE
COBO
DO
BEDIG
CAGOD
GICOC
COCAFED
GAFAGABO
COGOCEG
B
F
FECIFEF
GOCACE
CI
G
DABOGAD
CEGOD
GIGEBACA
GIFIDI
B
GA
B
C
GACA
CECEBAFA
BEDEF
BADA
FA
FOCIDACI
FOFICA
COCIDOB
GOCA
GAGID
C
BAB
DI
F

 DOGIDID
GEGE
BEFEBAB
DOBIBI
CEDOG
COGOBE
DO
DACEDEBE
D
BEBO
DIG
GIDO
BAC
DICOBOD
CACIG
G
B
FICIFE
DOGEG
CAGABABO
FACICO
GAF
DICABAF
B
BEGEGA
COF
BOBAFODI
D
FI
FIBIDE
BIB
GEFIFIB
B
BOF
CECEC
BECE
B
FACO
CEB
BIGOCO
GOD
BIBEFI
DO
FAD
B
FABEFA
FEGEFAB
FACODIF
B
BED
BIGAGOD
FOCI
CICAD
GOGE
BICOBOCO
BA
B
GOCAD
G
F
CIFACOF
GECEC
DE
BI
FIFE
DEC
F
BICECOD
FIC
GO
BAB
DOGOGID
DAD
CEDIGA
CECIBOB
FICEF
BEFOFEB
DA
DEBOGIB
GIGI
BECEC
GOBICO
DADEGOFI
GECOCAB
FOD
BEC
CICI
BO
GAGAFOC
CAFA
BIFOF
GICI
BAB
GAB
FAF
DECOGIGI
BIB
FAFACIG
DICO
FOC
DIGIGAC
BICEGE
BIBEGOC
GECAFIDO
DIGOFO
GE
D
GABOC
G
DODIFOC
B
DAC
C
FAFA
B
FIFEF
FOBE
GOGI
BEDE
BA
FECOB
DOCIBIF
FIBEBIB
CADEGIFI
FOGOBEC
B
F
DOBACA
COGOFE
GOCOB
BAC
GACACACO
FODABAGA
GEFEGECI
CIDID
BEDEDIF
DOCEFODI
BIFA
GIGEBEDE
G
COFIGOF
FEDIBEBI
BICE
DIGAD
BAB
FADODEDO
GEGODOC
CEF
DIFACED
C
FIFI
GECACID
CABAGE
G

BA
CIGOGE
CIF
GIBAGOFI
FI
BO
GE
BIGODEFE
GOGABIGO
DADA
GIDIFI
CADEGICI
DOGI
GAGABOGA
FOCOCECE
DOFEB
GAFI
DEDOCOG
F
FEDEBABE
FOFOBOB
CIFIFOBA
B
DAB
G
CEFOD
CIFAFOG
FAGADO
COC
FOBAB
GI
DEF
FA
FO
FIGIDEFA
COBEBAD
F
BOB
F
GACEDOBI
DAF
CIGAC
CAGOFEG
DIBIFI
FID
COFAFEC
GI
GE
BEB
G
CE
DIGO
DAFOGA
GEDOBOCO
F
GOFADEC
FAFE
BEFICE
DIFOCIC
GO
G
GAF
F
GICACID
GICIBOBE
BE
DAC
CED
D
GOBEG
BECOGE
GACICOF
GOBOF
CIDIGACE
FAGO
C
B
CE
GADIC
CAFADIGA
BABACEGE
DI
GOCIGEFA
FECEGEB
BODEDAB
CEDIF
GIGOB
FABIBOG
FOG
FAGIBO
FAB
GAFI
FIGACA
COD
GEG
CO
GADAC
D
GA
CIFEGA
CICE
CEFABADO
DI
GI
GI
GEGOGEG
BECADE
CE
FEGI
BADOD
FOGODEDE
D
C
BIDEDIFA
BIFAGEBA
BOBAD
DADAC
FAC
COCE
CADACADA
DEBAB
BODI
BACO
DA
B
FAGICI
BIC
BOBIDAC
CECIGO
FOBE
F
FICEFI
CAGI
FAGOCEBE
CACEB
CACO
CAC
BOFIDAF
BEFIB
COCA
FOG
CE
DOFEC
CIFOGOG
BIGO
DI
CEFA
COCE
DEGACO
GIGA
CABEFA
GACOFIB
COGOFIBO
FIDAFOB
FEGOC
FIFEDABA
CEDEBAF
DI
C
CEF
BOF
D
B
BOGEBA
DIFAF
BEC
GOFEDI
GACO
F
D
DOB
FOB
CIF
F
DO
B
B
FIDADADI
DAGIFIF
GADAGAD
BIFAFI
B
FOD
GEDECEF
DE
FIFAGO
CI
DIGEF
C
FAGO
GICI
BOGO
FOBECE
BICIBEDE
CE
CAF
FIBADOGO
DO
GAFOFOF
FAGICEB
BAB
GOCEDOCO
DI
G
BIGIB
B
D
D
GABODIC
BEFOFOC
GIB
DIGECACE
B
BODEGADE
FIDECICE
D
D
G
FOF
FOGIFED
GIBEGAG
GEGODOF
GICO
CEDABO
DAB
FEBIDIBA
COCO
GADA
GIDOB
FADIDADI
DADOB
GADIFOD
FIDICO
F
DADEBEC
GO
CAGIC
BOCOGIFA
C
DAGIB
DIFOBOC
CIDE
BIDOCIC
BIF
CABE
FA
DOGIGIGA
B
DEFODOCA
BAD
FIBIFOC
GEBEGE
CA
G
CODEFO
FAGEGOFO
BEGOFI
FOCEG
DAFEGAC
BEG
BO
G
DOBA
GICEDOD
D
B
BOGIBE
CIBAGECE
F
DIDAFE
CIBIFIBI
BAGE
C
BICOFADE
CEB
BEBAGE
DAFA
BEGEDE
FECIBAB
GADOGOCO
FI
BOC
B
CICA
CIDEG
DOGEFOB
BOGADOFE
GI
DABOD
GEGACOD
GADA
GADO
DID
G
GA
BO
GAGEFI
DIBAD
GAGAGO
DOFAF
GI
FO
DIGECABO
BO
GODOBAGE
GEFA
DE
GA
CAFADEB
GOGIGIC
C
A
CAC
CEDIF
CAGOBOBE
CEB
B
B
BAFAGI
FICO
D
BOGIDAF
CA
DAC
GACIB
CA
DIGACA
FAFAFACA
GOF
CIBECAFE
BIFIBEFA
F
G
BAGAFOFE
BOD
DAD
BE
GODEGAGO
B
CEC
GOBAFE
B
G
FA
GA
CO
DOF
CADA
GE
CIBED
DOFACE
CE
DAF
DOFACAGA
GEBACI
FEGO
DAD
DI
BI
DI
GEBI
GAG
BEFABE
COGA
BEGICOFE
FO
FIDODAGO
GOCIDA
FADIFE
GE
BIGIG
GIBODEG
CECA
FEGE
BODACAC
F
G
BOCOB
FACIBE
CICACID
GOFIGABA
GIGAGAFE
G
BAFEF
DOC
CIDOFA
BAFI
GOBAGEB
FECOD
CABI
GA
CABOGI
CEC
COCE
GIGAFOCA
CIFO
BODA
GIGE
BADI
DICAB
G
FIBODIG
BIGABAGI
GEGICE
D
BEGIBI
B
FAGACE
CIDA
DIGEB
GEGOFED
FIBIGODO
FAGOGECO
FEFODA
COGAB
BIFOG
FEGODAB
G
FOFEDOF
CAGAFIB
BOC
GICACEB
GIDEF
FACA
DAG
DIBOFOBE
CE
BIBAFA
FIFAGIGA
FEFIC
BIDICOGE
G
CEFE
F
BOCEBIBA
BIBA
DIBE
DIBIGO
GADOBOCE
DOFIBA
C
FIGEFE
GIGI
FE
BAFAFOD
FADEFO
DIC
DODIBE
BIBAD
FIFODAF
FODEFE
BEDADOBE
DAGAB
CAGADADA
FADIFA
FIGAGIF
DICIC
GADOF
CE
CICADA
G
CEBEFICO
D
F
ODIBI
CEGI
DAD
FIC
FIGI
GAFIFID
COCOFOF
CIC
BI
DOCABA
FEFIBIB
GEDID
GEGIGO
DEFOC
COF
CABEDI
GIGICAC
DICABA
FEGAC
GIBICAF
FIBEDAF
BOBICO
DOCECIDE
FEGIBA
BIBIB
GE
BO
FIGODEGE
FICAFEBI
BOGAFI
FOBIDE
DA
GEDAG
BE
BIG
FO
GOBEB
FODO
C
FO
FAGIC
BOCIG
F
DAGE
GE
DI
CE
GEG
B
FIGECIFI
DEG
DAFEFO
DAGEGOGE
GACECOBI
DEGIGAG
COFIFABO
BIBIFI
COF
GEC
GADEG
G
FECE
DA
GOFOBOG
CADIG
F
BEFECEDE
BOCI
BOGADOFA
CADEC
FAGE
C
GIBE
BEDOF
GED
GECACA
DO
B
CIGABEF
GA
FOGO
FA
DEDEFOC
F
DABE
F
CI
BICA
BAB
GEFIFEB
CEDI
FOCECIBI
DA
FICODIDI
CIFIDID
DIBACEC
BI
BIF
BECIGAF
DODACOB
BEDA
FAFEF
BEBIFIFA
GEDICEC
GECEDEB
GIBOGAGE
GODIB
C
GA
BIG
FID
DADEFE
FEFAG
BAFAGOCE
DIDABADO
GA
DIFODAB
FIDEBIG
BOC
BICIBIGA
F
CACEBEC
BOGADODE
GOBIDICA
CA
CI
DODE
F
CEBIF
FI
G
GA
DAFIGIB
COB
CIFIFIDE
FIDID
BIC
BOGIGI
BODEFA
DICACOBI
DAC
CODAC
DADODI
COF
FIBE
CED
GAFABA
FECA
FOFADI
COB
C
BADOBA
GO
FABEBO
BAD
FAGOCIDA
COGA
GOD
GOBIDEF
BEGAC
DEDODAB
BOD
COGOB
FEGAFE
GIGICA
CEBOGIG
CE
BACIFI
BICIDO
FEDAB
C
FOGAFED
CEBOGA
BOFOCO
GECOBAG
DIGIBE
D
FIDIDAF
BOB
COFOGI
DI
BEBOBAB
DIBOBA
BOGAGEDA
CIDOB
CI
FEBEFOB
FIBIDECE
CIBICOC
DE
BOC
FIFIGIF
FIGOFOCE
CI
GIGIFECI
D
FIFOG
DICOCE
GID
FIFIC
BEG
GAGOFA
DACIBID
FOGIGED
DEBOCAF
F
COG
FEC
BE
G
COGIFIDE
FOBEFAGO
BIBE
FADOFEGA
BE
BABICIGE
DEFA
F
FEBOBOG
GEB
CA
F
G
D
BAC
DIGI
BEC
CACOF
FACE
FIFAB
GADEDECA
FIBA
CADEDIDO
FOD
FOBOBA
DABOCOGO
CIBE
G
BADEC
CACODIB
DEBEBI
B
BI
DOBIBICI
GEBIDIGE
C
GEG
COCAGEB
BIBABADO
FID
DICEBODO
GIGE
FOD
GODADO
CEBI
BOCAFI
CEBIGEGE
FIBICIC
BIBOCO
CIFEGO
DAGAD
G
G
BIDODAB
FIBAFOG
BIBOGAGI
FIBIF
FIBO
BADICOGO
FIGOBEB
GAGIG
DIBABA
F
C
CO
BICICI
CO
FADEDECO
COBI
BIGICOBI
CA
GEFAFAC
FIFA
COBACA
CA
GOCOCADO
FODIBE
BO
BEF
GICIDI
FODACOCO
DAFO
BAF
BICAFIFI
G
GAD
DED
BAGAFOF
DOGO

CAF
GE
G
DID
GEFIDEG
DOBAG
CIFIDOFE
CEDEBOF
CADEGOB
BODEDIGE
GECODI
COD
BIBIFODI
GICODOF
GIG
BABIGAC
BEFEDIB
DOF
FI
B
BABACAC
DICI
G
FADADO
GIB
DEGEFED
GA
DA
F
DOGACIG
DI
FEGEB
DEFEGOGO
GO
DE
DOGAFICO
BEDACI
BACOCEDE
CAGEDOD
F
CEGEB
DABE
FOBEGEG
FEGODA
C
CIFOCO
FODEF
BEGI
BOCOFIC
GIBIF
BEDOBEC
CEGOBOFI
BEBOBEC
BOFEGIFA
FADACAGI
DEFA
FIBA
GEBOCE
BOCOB
BOCABAF
GOFOFAB
CI
DIDIBA
FIGIDE
FEBABO
GOGEDOFA
BECACO
FICID
B
FA
BOG
BEFODAFA
BI
GE
GIGEC
BOD
DICIBE
D
GEDE
GOF
FEG
FADACIDE
C
CIBOCACE
GIC
BADICOCE
FICE
FEC
COD
CICICOC
DEFOB
CE
GOCI
FADAG
BABEC
D
DAF
GIBEDI
BOCOCIC
BOFABA
FIDA
G
DO
FOBO
GIBEFE
DOGO
BIDOFEBO
CA
BOFABICI
FOFAF
GIDIGOC
GIGAGIF
DOD
C
FEDA
DAFAGI
FEDIGE
B
BIGEFIC
FIFIBAD
B
CAFEBOCA
GEG
C
BIGED
D
GABEDAF
DIDEGACE
CIG
BE
CODEG
FACA
BAGOBI
BICEFA
BAFABAG
CE
FEGEGO
CIDIBE
FOFIBA
GODED
GEFOC
GOBOBEGA
C
GEFOFAD
GICAB
D
DEDEGABE
GODO
G
BOB
FOCOBAFO
BICIDIB
CE
GAGO
BEBADICA
GOFIB
GEFEGOGI
GECOGOC
GIFIB
BEBIFEBE
DIFI
DAG
G
BEBEG
DE
BADEGODA
F
FODE
GEFEFE
GEGEC
GEBICI
BE
DI
BEBIFI
CAFAD
GIGAGICE
G
G
DOFO
G
F
FAB
GE
FACOFAF
GAG
FEBIFEDE
CIBADI
CAF
BAGE
G
GEGIGOGA
B
GA
CADI
BAFIGOGE
C
BEF
DIF
GIFOCE
DEFA
B
FODODI
BAFEGIDI
BADOF
GO
BICI
CEGEFOBA
DOB
G
D
BO
FOBIDAGA
B
GODIFABO
GOFIFOCI
BEFABIC
COFOBOG
CEFOG
D
G
G
BIDICO
FEDA
BIBA
CE
BIBICOD
F
BEDE
BEBO
GOB
GOBIFOC
FO
GIBA
CIDICIF
G
FEDABAFI
CEFAGOBI
DI
BAFEDEFA
GOFAGOC
G
BICA
DA
FIDOG
BIBODODE
DEDO
CACIFA
FOBABAC
BIC
COGAG
GEFICO
FABAFI
D
BOBAFO
DOBECOG
B
FECEDACO
C
CO
FIFIBOG
FOGEGE
CA
DOCIBIFA
GE
DOFEB
FEB
BIGOCAF
CODOCODI
DEBAFACO
DOGACAG
G
GOGOFAC
GAFOB
DADAD
CODIBE
CEG
CACA
GIBE
FADO
B
BEBOGI
COGEFA
CABEG
DAFI
FEFAFOGI
BI
GIFO
COGO
D
GABAG
GADEFAB
FEBAD
D
BEF
GODI
CIBOFADI
F
BOF
BIGABEG
FICOGIBA
GO
DOFOFO
BI
B
GA
GE
CAGABO
GACICEG
BO
BI
FAB
BE
DIFEBI
BEGOBI
COGOBA
C
BEB
CIBABA
BODOFEG
G
CADODE
FIFI
FOBEGECE
F
CACIDO
FECABE
FAFAGI
FADIGOGE
D
GOGOBEC
FOFOGICA
BOGADOD
CIDIF
C
FECE
B
GAFECOGE
FOCOCA
B
COF
GED
DOCO
DAD
FA
GIB
DIBOC
FABA
CEBACOG
DACOFIBA
COGEGEC
DOGOG
DABEGOBI
DEBOCA
GICACADE
DAGEG
GOBO
DAC
GICIBACA
BAB
GOFAD
GIGOD
DACOGAGO
CEGEFIDI
DACED
CEGEGOGO
DIBECADO
FA
DEFOFEDO
DE
FIF
COCAC
DEGOG
DECIDE
DI
D
GIGODEDO
B
FIBOB
FA
G
D
DO
BOGACEG
BO
DABEC
BEDADO
FA
CIDO
COF
BABIC
BA
DIFEB
GECIG
CIFEC
F
DA
CE
DOFOC
DAFEFA
GIG
CIGED
BEBE
CIFE
CACAGA
GEGEDECI
FAD
F
FECED
B
G
CICIBICO
GECABE
B
B
COCI
F
DOF
GIFI
G
DIGEF
FIGOGECA
FICIB
C
BI
BAGI
CEGAD
GEDA
C
CAFIFAG
BAFAB
BODEB
B
BOFO
BOBIDIC
BOC
DIF
FIDAFO
COBO
FOFEBADI
FAG
BOB
BEDO
GAGA
CIFAFO
DIGABAC
F
G
BEBEDE
F
GA
BIDABIF
DABA
DABIG
FIBO
COGOF
G
GO
DE
FEBAGOFE
COBOBE
GODIFOD
CAGE
DA
BOB
FAGA
FAGO
CICIBE
DOCAG
BECI
CEGE
G
FIGIFOB
BIFACODO
CIDE
DE
GICA
B
FA
COFO
BICEGOD
C
FAB
GOCA
BAGE
BEDADAD
FICABEFA
C
CEBOB
BEC
FACO
BAGOFE
CE
CIGIDOB
BEF
CACI
FID
CIF
FEG
GIFE
BI
FADAF
C
FIDI
GADICI
CIBEF
FIBEBEF
BACI
CABIDAGE
BADIBIF
GIBOFODA
DAD
G
GA
FAGA
CAC
BOCIDEGI
DOCECI
GEFO
FECIFO
FAFA
GICOCECA
B
BAGOBEG
BAFO
CO
DIFODEDO
BABICEB
BOGOFID
BACOFIF
FIBIFE
CEBAGE
FODAG
COFIGOC
DACO
FIBOFOC
DOCABOCE
FA
CIDIGA
B
FE
CIBAG
CIGOD
BOGAG
FA
DICIGEFE
FOD
DIDOCOFO
CIDE
FICAFEFI
CIBEGAFI
DECABEFO
BOG
BEDABI
CEFIBIG
BIGAFAG
DAGOB
GICOCACE
BICI
CI
CEGOCICE
CEDE
FODEGE
FABIDO
BICODAFA
GEGEGAB
DEGOD
DOC
BABABOB
COCICIFI
GODO
FA
D
GIC
BEF
COFAC
BADADIB
CEDIFICO
BE
BEC
DEGEDI
G
BODEBOFA
GA
B
FECO
BOF
F
COBECEBI
D
DE
FE
CA
GEGEC
GIB
BAF
BODI
GEBACO
FA
FABACID
BEBE
CIFO
CIBADE
BECAD
GIFAF
BIGEGOFI
DI
BABIGOC
G
G
FAFICI
FEFIGI
DOFI
FI
DECA
BE
FIFOCO
FADAFA

GABOCID
B
DO
BEB
GEGAGADI
DIGAB
DEBID
CECO
FEDIC
CICABAGO
GIFAB
CIBAB
F
CIGA
DEDOF
BEF
GOBIFE
CIGIDE
CAFI
DID
GEDOD
G
DA
FAFAGEG
BEG
FAFAD
COCAB
B
GIGICOD
D
GOF
DIGOBAD
GI
B
DEGAFIGA
GIDIGIBE
D
FIBI
GIGIFO
B
GIDAFECE
FI
BOCO
GECOFEG
FAGOGAC
FABOFOD
FOFADA
CEG
FIDIGOD
B
B
GO
DOGE
DAGOG
GEC
FAC
FEC
CAGABEF
CO
GODE
BO
GEBAC
DOCED
BE
C
FIBA
BEFEBI
BIF
CAD
CIC
FI
CIFIDAGA
GEGIBE
B
DOFA
DAG
CI
FIFIBEGO
BABIDE
CECA
GACED
GIBIGOD
FAGIBI
BABAFEBI
BI
DODODEC
BODEB
G
FOBEGI
BABEGI
GOFI
DAFEFID
GAFOCEG
CIDA
BEBIDOB
FOGEGEGE
BIF
DAD
BEGAFE
B
B
BODEFIC
BACIBA
CICOF
F
CEDAFOF
FE
CABICIFO
B
GIGECAGE
DIFODEC
COFA
BIFICODE
DODABAF
BECACIC
GEFAFO
DOFED
BE
C
COBOCA
GEBEG
GAFIGID
GIDAGE
CO
DICAGAF
BEB
BIBIFEBO
CEGEGOD
FADEDI
CO
CECA
BADEF
COGIBEG
DAGAF
GEDA
FEGOG
CIBEBOD
GEDADOD
BE
DEFIGEBO
FECEBED
GEB
FADI
DOFEG
BODA
G
BADOF
GABAFA
FEBEFOGO
F
FOGODOG
FAG
EFOCE
GEDEFIDO
CIDACO
DIBACIBI
CO
DAGIB
BAB
DEBIBID
FAF
DI
G
COGEF
B
FOGIGO
FEDOCAC
CICIGOC
GOGED
COBEDAGI
DAD
GA
BECEGAB
FEG
D
DECEBICI
CAFOD
F
GABACABE
CO
BI
F
BACIBO
CAGAFAF
FOFOCAGE
DIGIBIF
FICIG
C
DEDECE
DADABE
FAGIGE
GEDOGI
DOBICA
GECA
BA
DEGOCI
CO
FODO
DACICA
FEG
GED
CIB
DABOBEGE
C
CA
DIDOBA
C
GICODEDA
GEGEDACO
FEGAD
CIF
FODAF
CIGIGIG
DIBAD
GA
FEBAFAG
DIFOG
BIFEFO
GAGOCIG
FOCOFO
D
BEBABAD
FIC
GIGIF
C
CA
BODIFODA
FADE
DA
COBEF
DA
GE
BEBE
FOCOD
COGICOG
GEBAC
GOBEGI
BIFIBOCO
DACEGIC
FOBOB
DIFAB
GO
CACABIBI
BA
GICI
GO
GA
GACAFAB
FOBAC
CEBA
BI
GAFECIFA
G
FOBID
FICICE
FEGOBIDA
BEF
BIDOCO
CEC
D
BIGO
GE
FIDOC
FOBACI
GAB
BOCABIF
FIFAD
DEG
D
DO
FODIBO
FOFOBEFO
FE
BEFACEDI
CEBADODI
FOBAGID
D
FICO
COCA
DOCEB
BI
GEFIF
GEG
DO
C
BA
FIDOF
FODIC
COBABID
BIBE
CE
DEG
DOGEGOCI
GAGAGO
GEF
C
FE
GABAGA
F
BAGICOFO
BOC
GIDEB
DAC
CECICI
BOFOB
CADA
DEC
 DAD
BIC
BICE
GOBOC
BA
CACAF
BI
FICOF
GAFOBI
GIBO
FEGEBI
DE
FOB
FI
D
DOGA
COBEC
FAGOGIFO
DEGEGI
BIDE
GICI
DICIBA
COC
DOGOB
FED
CIDAC
BACO
BEC
FODED
FOF
FE
GEG
GACAF
CEBI
FOGEGO
FED
F
GEB
FO
DOCEFE
DODIBO
CECO
FAG
CO
FEG
DICACA
CEBEFA
CEGIF
BEFOF
DEFOCIG
FEBAG
CAC
BA
CIGIGEBA
C
BOFADOD
BEDOC
GABEDE
FEFAFOFI
BACE
F
CAGIB
GEBEF
BE
G
CICI
GEGA
BAFAB
BO
CAGAGOG
C
BAFEBIG
GOFABI
FO
COGA
FECA
CEDAFED
CIB
DECE
CAGA
C
GECIDI
BODEF
CICEFEG
D
GIBI
GACE
DOD
DIFEB
CIDAFABI
DECEG
DIC
C
BOBOCA
DOBO
GOBEFOF
DEBIGAGO
CADOBO
GIFEDED
BE
BAD
BE
GEBAGO
G
CICE
F
BIBEFEBI
CIC
CEGEG
DI
DE
BOBEFI
BIBI
FAGIFEGE
GIBABOB
DIGAGOB
DOGO
BIDOCO
B
BEGAB
COFA
GA
GEGEDOF
FI
GIBODEG
GOCOCOB
FADOCEBA
CE
GOC
FEF
FAFO
CIDAFIGO
BIFAFAG
FOBI
BOGAGAB
B
DIDI
FECAC
FECEBO
D
CEFIGI
GIBEFEFO
FACIGIG
GACOFI
DOGEC
GIBO
G
CIDIFO
G
CO
DE
C
FOBE
F
C
CAGECI
BAGAFECA
FADID
GOFAFI

CO
GAGIDOFO
CAC
GOBAC
DO
COFOD
FECADED
D
DIF
DEFEGABI
CIBAB
BEBO
DABIFAC
GECA
BEFIFED
BIGOGO
DIFOB
BOBEBED
CA
DODE
D
FICOCOF
C
CEG
FOGOF
DEFACOBE
GOCAFIFO
FEG
DEGI
FIBOBO
DIFE
COGEGIDA
BECICA
COGACICA
COBEDO
BIDADOC
BIF
GED
GID
BO
DI
B
GACIDEFI
C
C
DO
FECIC
CABACI
FEFIG
CABOG
FAFACOD
B
B
DACODIGA
D
FIC
GIDI
DIGOBA
DEGOGOCA
DAFEFO
DIGAG
DIC
DEBAFI
FE
BABACIF
GECADOGA
CIBADA
DEBA
FIFIDE
FIDI
GIBE
GIC
CI
BEBOGEBA
GIGI
DAG
GIGOGABI
CADIFIF
FEGEFOG
G
DIBEDA
FADODAF
GAFOGIF
CAGAF
CE
GOBIGIF
BIBEF
CAFEB
DAGE
DEFIGA
FAGIBOG
GADECEB
G
GO
BABAFA
GAD
DEBIFE
DEGACI
FA
GOB
GE
GEFAFA
BIFEGI
CABEFAD
GEBADICI
DABA
FIG
GEBEBE
COCIFI
GOCA
GOFAGO
FIFEBI
BOFABAGA
DICE
GEC
BAD
FAGEDIDE
DAFOFA
COCA
BIBODI
CEDA
CE
B
GIGIFA
BOBE
FIFOGAFE
BIFI
D
DODID
GACOBED
CEFE
B
DE
GOFECE
CEBIGE
GOFECID
B
FA
DEDADI
GECOG
DOD
BAFO
CE
BAFAFA
C
FEDA
BIDACACI
DIBACOBE
DADIDI
GIBE

BOFIFECO
FABIDICE


Elapsed: 00:00:02.85
SQL> spool off
