
Table created.


  COUNT(*)
----------
      1773


PL/SQL procedure successfully completed.


  COUNT(*)
----------
      1773


PLAN_TABLE_OUTPUT
----------------------------------------------------------------------------------------------------
SQL_ID  8caz15dwj8w8k, child number 0
-------------------------------------
SELECT /* MYQUERY */ COUNT(*) FROM t WHERE ( "DELIVERY_DATE" >=
trunc(sysdate@!, 'fmyear')    AND ( coalesce("CONTROL_FLAG", 1) = 1
OR coalesce("CONTROL_FLAG", 1) = 3 )    AND (
coalesce(substr(to_char("ACCOUNT_ID"), 4, 1), '1') = '1'    OR
coalesce(substr(to_char("ACCOUNT_ID"), 4, 1), '1') = '3' )    AND
"DELIVERY_DATE" <= trunc(sysdate@! - 1) )

Plan hash value: 1010173228


PLAN_TABLE_OUTPUT
----------------------------------------------------------------------------------------------------
----------------------------------------------------------------------------
| Id  | Operation           | Name | Rows  | Bytes | Cost (%CPU)| Time     |
----------------------------------------------------------------------------
|   0 | SELECT STATEMENT    |      |       |       |     9 (100)|          |
|   1 |  SORT AGGREGATE     |      |     1 |    15 |            |          |
|*  2 |   FILTER            |      |       |       |            |          |
|*  3 |    TABLE ACCESS FULL| T    |     2 |    30 |     9   (0)| 00:00:01 |
----------------------------------------------------------------------------

Predicate Information (identified by operation id):
---------------------------------------------------

PLAN_TABLE_OUTPUT
----------------------------------------------------------------------------------------------------

   2 - filter(TRUNC(SYSDATE@!-1)>=TRUNC(SYSDATE@!,'fmyear'))
   3 - filter(((COALESCE("CONTROL_FLAG",1)=1 OR
              COALESCE("CONTROL_FLAG",1)=3) AND "DELIVERY_DATE"<=TRUNC(SYSDATE@!-1)
              AND (COALESCE(SUBSTR(TO_CHAR("ACCOUNT_ID"),4,1),'1')='1' OR
              COALESCE(SUBSTR(TO_CHAR("ACCOUNT_ID"),4,1),'1')='3') AND
              "DELIVERY_DATE">=TRUNC(SYSDATE@!,'fmyear')))


30 rows selected.


TABLE_NAME                               OWNER                                    EXPRESSION_TEXT
---------------------------------------- ---------------------------------------- ----------------------------------------------------------------------------------------------------
T                                        ADHOC                                    COALESCE(SUBSTR(TO_CHAR("ACCOUNT_ID"),4,1),'1')
T                                        ADHOC                                    "DELIVERY_DATE"
T                                        ADHOC                                    COALESCE("CONTROL_FLAG",1)


DBMS_STATS.CREATE_EXTENDED_STATS(USER,'T',Q'[(COALESCE("CONTROL_FLAG",1))]')
----------------------------------------------------------------------------------------------------------------------------------------------------------------------------------------------------------------------------------------------------------
SYS_STUARLGZBSAG4YYL$Q$14300KT


DBMS_STATS.CREATE_EXTENDED_STATS(USER,'T',Q'[(COALESCE(SUBSTR(TO_CHAR("ACCOUNT_ID"),4,1),'1'))]')
----------------------------------------------------------------------------------------------------------------------------------------------------------------------------------------------------------------------------------------------------------
SYS_STU2K568KT2T5R6S37VQUN63#V


PL/SQL procedure successfully completed.


  COUNT(*)
----------
      1773


PLAN_TABLE_OUTPUT
----------------------------------------------------------------------------------------------------
SQL_ID  8caz15dwj8w8k, child number 0
-------------------------------------
SELECT /* MYQUERY */ COUNT(*) FROM t WHERE ( "DELIVERY_DATE" >=
trunc(sysdate@!, 'fmyear')    AND ( coalesce("CONTROL_FLAG", 1) = 1
OR coalesce("CONTROL_FLAG", 1) = 3 )    AND (
coalesce(substr(to_char("ACCOUNT_ID"), 4, 1), '1') = '1'    OR
coalesce(substr(to_char("ACCOUNT_ID"), 4, 1), '1') = '3' )    AND
"DELIVERY_DATE" <= trunc(sysdate@! - 1) )

Plan hash value: 1010173228


PLAN_TABLE_OUTPUT
----------------------------------------------------------------------------------------------------
----------------------------------------------------------------------------
| Id  | Operation           | Name | Rows  | Bytes | Cost (%CPU)| Time     |
----------------------------------------------------------------------------
|   0 | SELECT STATEMENT    |      |       |       |    10 (100)|          |
|   1 |  SORT AGGREGATE     |      |     1 |    13 |            |          |
|*  2 |   FILTER            |      |       |       |            |          |
|*  3 |    TABLE ACCESS FULL| T    |  1363 | 17719 |    10  (10)| 00:00:01 |
----------------------------------------------------------------------------

Predicate Information (identified by operation id):
---------------------------------------------------

PLAN_TABLE_OUTPUT
----------------------------------------------------------------------------------------------------

   2 - filter(TRUNC(SYSDATE@!-1)>=TRUNC(SYSDATE@!,'fmyear'))
   3 - filter(("DELIVERY_DATE"<=TRUNC(SYSDATE@!-1) AND
              COALESCE(SUBSTR(TO_CHAR("ACCOUNT_ID"),4,1),'1') AND
              "DELIVERY_DATE">=TRUNC(SYSDATE@!,'fmyear') AND
              COALESCE("CONTROL_FLAG",1)))


29 rows selected.

