SQL> @demo2
SQL> -----------------------------------------------------------
SQL> -- here we create a section group with 1000 field sections:
SQL> -----------------------------------------------------------
SQL> 
SQL> exec ctx_ddl.drop_section_group('mysec')

PL/SQL procedure successfully completed.

SQL> exec ctx_ddl.create_section_group('mysec', 'BASIC_SECTION_GROUP')

PL/SQL procedure successfully completed.

SQL> 
SQL> begin
  2    for i in 1 .. 1000 loop
  3  	  execute immediate ('begin ctx_ddl.add_field_section(''mysec'', ''field' || i || ''', ''field' || i || '''); end;');
  4    end loop;
  5  end;
  6  /

PL/SQL procedure successfully completed.

SQL> 
SQL> -- Add one SDATA section that can handle range searches
SQL> 
SQL> exec ctx_ddl.add_sdata_section('mysec', 'sdata1', 'sdata1', 'NUMBER')

PL/SQL procedure successfully completed.

SQL> 
SQL> -- Now we create a table and add some simple data
SQL> 
SQL> drop table t;

Table dropped.

SQL> 
SQL> create table t (metadata clob, doc clob);

Table created.

SQL> 
SQL> insert into t values ('
  2  <metadata>
  3    <field123>value123</field123>
  4    <field77>value77 abc</field77>
  5    <sdata1>25</sdata1>
  6  </metadata>',
  7  'This is the main text of the document. In this example the metadata and text are in separate columns
  8  Note that the "metadata" tag above has no actual effect.
  9  ');

1 row created.

SQL> 
SQL> -- create the index
SQL> 
SQL> exec ctx_ddl.drop_preference  ('myds')

PL/SQL procedure successfully completed.

SQL> exec ctx_ddl.create_preference('myds', 'MULTI_COLUMN_DATASTORE')

PL/SQL procedure successfully completed.

SQL> exec ctx_ddl.set_attribute    ('myds', 'COLUMNS', 'metadata, doc')

PL/SQL procedure successfully completed.

SQL> 
SQL> create index ti on t(doc) indextype is ctxsys.context parameters ('datastore myds section group mysec sync(on commit)');

Index created.

SQL> 
SQL> -- test query which searches for phrase, field section and sdata range search:
SQL> 
SQL> select count(*) from t where contains (doc, 'main text AND value77 within field77 AND SDATA(sdata1 < 30)') > 0;

  COUNT(*)                                                                      
----------                                                                      
         1                                                                      

SQL> 
SQL> -- To add a new field section we can add it directly to the existing index thus:
SQL> 
SQL> alter index ti rebuild parameters ('add field section field1001 tag field1001');

Index altered.

SQL> 
SQL> -- Insert a document with the new field section and test it
SQL> 
SQL> insert into t values ('<field1001>foo</field1001>', 'the doc');

1 row created.

SQL> commit;

Commit complete.

SQL> 
SQL> select count(*) from t where contains (doc, 'foo within field1001') > 0;

  COUNT(*)                                                                      
----------                                                                      
         1                                                                      

SQL> 
SQL> -- Add a new SDATA section
SQL> 
SQL> alter index ti rebuild parameters ('add sdata section sdata2 tag sdata2 datatype number');

Index altered.

SQL> 
SQL> insert into t values ('<sdata2>99</sdata2>', 'the doc');

1 row created.

SQL> commit;

Commit complete.

SQL> 
SQL> select count(*) from t where contains (doc, 'sdata(sdata2 between 90 and 100)') > 0;

  COUNT(*)                                                                      
----------                                                                      
         1                                                                      

SQL> spool off
