
REPORT
--------------------------------------------------------------------------------------------------------------------------------------------------------------------------------------------------------
GENERAL INFORMATION SECTION
-------------------------------------------------------------------------------
Tuning Task Name   : TASK_17952
Tuning Task Owner  : ADHOC
Workload Type      : Single SQL Statement
Execution Count    : 1
Current Execution  : EXEC_20550
Execution Type     : EXPLAIN PLAN
Scope              : COMPREHENSIVE
Completion Status  : COMPLETED
Started at         : 05/25/2021 08:17:28
Completed at       : 05/25/2021 08:17:28

-------------------------------------------------------------------------------
Schema Name: ADHOC
SQL ID     : 21y39zhmkh4pt
SQL Text   : select /* SPM_TEST */ num from example_spm_table where id =
             :bindv
Bind Variables :
 1 -  (NUMBER):100

-------------------------------------------------------------------------------
                            Explain Plan Statistics
-------------------------------------------------------------------------------
                         Parse Time (s): .000205
                         Optimizer Cost: 3

-------------------------------------------------------------------------------
EXPLAIN PLANS SECTION
-------------------------------------------------------------------------------

1- Original
-----------
Plan hash value: 2448381833

---------------------------------------------------------------------------------------
| Id  | Operation         | Name              | Rows  | Bytes | Cost (%CPU)| Time     |
---------------------------------------------------------------------------------------
|   0 | SELECT STATEMENT  |                   |     1 |     8 |     3   (0)| 00:00:01 |
|*  1 |  TABLE ACCESS FULL| EXAMPLE_SPM_TABLE |     1 |     8 |     3   (0)| 00:00:01 |
---------------------------------------------------------------------------------------

Predicate Information (identified by operation id):
---------------------------------------------------

   1 - filter("ID"=:BINDV)

Hint Report (identified by operation id / Query Block Name / Object Alias):
Total hints for statement: 1 (U - Unused (1))
---------------------------------------------------------------------------

   1 -  SEL$1 / EXAMPLE_SPM_TABLE@SEL$1
         U -  INDEX_RS_ASC(@"SEL$1" "EXAMPLE_SPM_TABLE"@"SEL$1" ("EXAMPLE_SPM_TABLE"."ID"))

-------------------------------------------------------------------------------

