SQL> 
SQL> --
SQL> -- This will ensure that we are not using AutoDOP
SQL> -- Auto DOP is not a "problem", but using manual
SQL> -- DOP will mean that the script will work
SQL> -- as intended in this test case.
SQL> --
SQL> alter session set parallel_degree_policy = 'MANUAL';

Session altered.

Elapsed: 00:00:00.00
SQL> --
SQL> -- Enable parallel DML so that the write into the
SQL> -- staging table will be in parallel for maximum
SQL> -- performance.
SQL> --
SQL> alter session enable parallel dml;

Session altered.

Elapsed: 00:00:00.00
SQL> 
SQL> --
SQL> -- Read the data files via the external table
SQL> -- and insert the rows into the staging table.
SQL> --
SQL> INSERT /*+ APPEND PARALLEL(itab,2) */ INTO sales_stage itab
  2  SELECT /*+ PARALLEL(tab,2) */ *
  3  FROM   sales_ext tab
  4  /

2000 rows created.

Elapsed: 00:00:00.08
SQL> 
SQL> SELECT *
  2  FROM   table(dbms_xplan.display_cursor);

PLAN_TABLE_OUTPUT
------------------------------------------------------------------------------------------------------------------------------------------------------
SQL_ID  07pb04qn3ug31, child number 0
-------------------------------------
INSERT /*+ APPEND PARALLEL(itab,2) */ INTO sales_stage itab SELECT /*+
PARALLEL(tab,2) */ * FROM   sales_ext tab

Plan hash value: 2731173783

-----------------------------------------------------------------------------------------------------------------------------
| Id  | Operation                          | Name      | Rows  | Bytes | Cost (%CPU)| Time     |    TQ  |IN-OUT| PQ Distrib |
-----------------------------------------------------------------------------------------------------------------------------
|   0 | INSERT STATEMENT                   |           |       |       |   393 (100)|          |        |      |            |
|   1 |  PX COORDINATOR                    |           |       |       |            |          |        |      |            |
|   2 |   PX SEND QC (RANDOM)              | :TQ10000  |   204K|    22M|   393   (5)| 00:00:01 |  Q1,00 | P->S | QC (RAND)  |
|   3 |    LOAD AS SELECT (HYBRID TSM/HWMB)|           |       |       |            |          |  Q1,00 | PCWP |            |
|   4 |     PX BLOCK ITERATOR              |           |   204K|    22M|   393   (5)| 00:00:01 |  Q1,00 | PCWC |            |
|   5 |      EXTERNAL TABLE ACCESS FULL    | SALES_EXT |   204K|    22M|   393   (5)| 00:00:01 |  Q1,00 | PCWP |            |
-----------------------------------------------------------------------------------------------------------------------------


18 rows selected.

Elapsed: 00:00:00.03
SQL> 
SQL> --
SQL> -- Expect to see an error here!
SQL> -- This is because you will need to
SQL> -- commit the data before it is read.
SQL> --
SQL> SELECT count(*)
  2  FROM   sales_stage
  3  /
FROM   sales_stage
       *
ERROR at line 2:
ORA-12838: cannot read/modify an object after modifying it in parallel


Elapsed: 00:00:00.01
SQL> 
SQL> --
SQL> -- Commit the transaction
SQL> --
SQL> COMMIT;

Commit complete.

Elapsed: 00:00:00.01
SQL> 
SQL> --
SQL> -- Now you can read the loaded data
SQL> --
SQL> SELECT count(*)
  2  FROM   sales_stage
  3  /

  COUNT(*)
----------
      2000

Elapsed: 00:00:00.00
SQL> 
SQL> spool off
