<HTML><HEAD>

  <TITLE>Simple Table demo doc</TITLE>


<META NAME="SOURCE MIME TYPE" CONTENT="application/octet-stream">



   <META NAME="title" CONTENT="Simple Table demo doc">

   <META NAME="author" CONTENT="Roger Ford">

   <META NAME="keywords" CONTENT="example demo">

   <META NAME="last saved by" CONTENT="Roger Ford">

   <META NAME="revision number" CONTENT="3">

   <META NAME="creation date" CONTENT="8/23/2022 12:14:00">

   <META NAME="Last Saved Date" CONTENT="12/6/2022 10:09:00">

   <META NAME="document template" CONTENT="Normal.dotm">

   <META NAME="edit minutes" CONTENT="5">

   <META NAME="page count" CONTENT="1">

   <META NAME="word count" CONTENT="58">

   <META NAME="character count" CONTENT="290">

   <META NAME="source" CONTENT="Microsoft Office Word">

   <META NAME="security" CONTENT="0">

   <META NAME="Count Lines" CONTENT="32">

   <META NAME="Count Paragraphs" CONTENT="28">

   <META NAME="Scale Crop" CONTENT="no">

   <META NAME="manager" CONTENT="Hermann Bär">

   <META NAME="company" CONTENT="Oracle Corporation">

   <META NAME="links up to date" CONTENT="no">

   <META NAME="Count Characters with Space" CONTENT="320">

   <META NAME="shared doc" CONTENT="no">

   <META NAME="Links Dirty" CONTENT="no">

   <META NAME="Application Version" CONTENT="16.0000">


</HEAD>
<BODY>

<BR>
      <p><font size="3" face="Calibri">Simple file header</font></p>
<BR>
      
    

    <h1><a name="_top"></a><font color="#2F5495" size="5" face="Calibri Light">Example file to illustrate HTML extraction</font></h1>
<p><font size="3" face="Calibri">This is a simple Microsoft Word document containing a table.</font></p>
<a name="table01"></a>
<table width="601" border="2" cellspacing="0">
<tr><td nowrap="nowrap" valign="bottom"><font size="3" face="Calibri"><b>Type</b></font></td>
  <td valign="bottom"><font size="3" face="Calibri"><b>Weight</b></font></td>
  <td valign="bottom"><font size="3" face="Calibri"><b>Name</b></font></td>
  <td valign="bottom"><font size="3" face="Calibri"><b>Likes</b></font></td></tr>
<tr><td valign="bottom"><font size="3" face="Calibri">Dog</font></td>
  <td valign="bottom"><font size="3" face="Calibri">22</font></td>
  <td valign="bottom"><font size="3" face="Calibri">Fido</font></td>
  <td valign="bottom"><font size="3" face="Calibri">anything</font></td></tr>
<tr><td valign="bottom"><font size="3" face="Calibri">Cat</font></td>
  <td valign="bottom"><font size="3" face="Calibri">99</font></td>
  <td valign="bottom"><font size="3" face="Calibri">Fluffy</font></td>
  <td valign="bottom"><font size="3" face="Calibri">meat</font></td></tr>
<tr><td valign="bottom"><font size="3" face="Calibri">Rabbit</font></td>
  <td valign="bottom"><font size="3" face="Calibri">36</font></td>
  <td valign="bottom"><font size="3" face="Calibri">Binky</font></td>
  <td valign="bottom"><font size="3" face="Calibri">carrots</font></td></tr>
</table>
<p><font size="3" face="Calibri">Most MS Word documents will contain way more formatting than this.</font></p>
<p><font size="3" face="Calibri">This document gratuitously mentions configuration manager for no obvious reason.</font></p>


    

    

    

    <BR>
      <p><font size="3" face="Calibri">The footerMiddle bitRHS</font></p>
<BR>
      
    

  

</BODY></HTML>
