> Task :examples:consumer:run
21:38:22.914 [main] INFO org.apache.kafka.clients.consumer.ConsumerConfig -- ConsumerConfig values:
	allow.auto.create.topics = true
	auto.commit.interval.ms = 5000
	auto.include.jmx.reporter = true
	auto.offset.reset = latest
	bootstrap.servers = [84.235.172.160:1521]
	check.crcs = true
	client.dns.lookup = use_all_dns_ips
	client.id = consumer-TXEQ_SUBSCRIBER-1
	client.rack =
	connections.max.idle.ms = 540000
	default.api.timeout.ms = 60000
	enable.auto.commit = true
	enable.metrics.push = true
	exclude.internal.topics = true
	fetch.max.bytes = 52428800
	fetch.max.wait.ms = 500
	fetch.min.bytes = 1
	group.id = TXEQ_SUBSCRIBER
	group.instance.id = null
	group.protocol = classic
	group.remote.assignor = null
	heartbeat.interval.ms = 3000
	interceptor.classes = []
	internal.leave.group.on.close = true
	internal.throw.on.fetch.stable.offset.unsupported = false
	isolation.level = read_uncommitted
	key.deserializer = class org.apache.kafka.common.serialization.IntegerDeserializer
	max.partition.fetch.bytes = 1048576
	max.poll.interval.ms = 300000
	max.poll.records = 1000
	metadata.max.age.ms = 300000
	metric.reporters = []
	metrics.num.samples = 2
	metrics.recording.level = INFO
	metrics.sample.window.ms = 30000
	partition.assignment.strategy = [class org.apache.kafka.clients.consumer.RangeAssignor, class org.apache.kafka.clients.consumer.CooperativeStickyAssignor]
	receive.buffer.bytes = 65536
	reconnect.backoff.max.ms = 1000
	reconnect.backoff.ms = 50
	request.timeout.ms = 30000
	retry.backoff.max.ms = 1000
	retry.backoff.ms = 100
	sasl.client.callback.handler.class = null
	sasl.jaas.config = null
	sasl.kerberos.kinit.cmd = /usr/bin/kinit
	sasl.kerberos.min.time.before.relogin = 60000
	sasl.kerberos.service.name = null
	sasl.kerberos.ticket.renew.jitter = 0.05
	sasl.kerberos.ticket.renew.window.factor = 0.8
	sasl.login.callback.handler.class = null
	sasl.login.class = null
	sasl.login.connect.timeout.ms = null
	sasl.login.read.timeout.ms = null
	sasl.login.refresh.buffer.seconds = 300
	sasl.login.refresh.min.period.seconds = 60
	sasl.login.refresh.window.factor = 0.8
	sasl.login.refresh.window.jitter = 0.05
	sasl.login.retry.backoff.max.ms = 10000
	sasl.login.retry.backoff.ms = 100
	sasl.mechanism = GSSAPI
	sasl.oauthbearer.clock.skew.seconds = 30
	sasl.oauthbearer.expected.audience = null
	sasl.oauthbearer.expected.issuer = null
	sasl.oauthbearer.jwks.endpoint.refresh.ms = 3600000
	sasl.oauthbearer.jwks.endpoint.retry.backoff.max.ms = 10000
	sasl.oauthbearer.jwks.endpoint.retry.backoff.ms = 100
	sasl.oauthbearer.jwks.endpoint.url = null
	sasl.oauthbearer.scope.claim.name = scope
	sasl.oauthbearer.sub.claim.name = sub
	sasl.oauthbearer.token.endpoint.url = null
	security.protocol = PLAINTEXT
	security.providers = null
	send.buffer.bytes = 131072
	session.timeout.ms = 45000
	socket.connection.setup.timeout.max.ms = 30000
	socket.connection.setup.timeout.ms = 10000
	ssl.cipher.suites = null
	ssl.enabled.protocols = [TLSv1.2, TLSv1.3]
	ssl.endpoint.identification.algorithm = https
	ssl.engine.factory.class = null
	ssl.key.password = null
	ssl.keymanager.algorithm = SunX509
	ssl.keystore.certificate.chain = null
	ssl.keystore.key = null
	ssl.keystore.location = null
	ssl.keystore.password = null
	ssl.keystore.type = JKS
	ssl.protocol = TLSv1.3
	ssl.provider = null
	ssl.secure.random.implementation = null
	ssl.trustmanager.algorithm = PKIX
	ssl.truststore.certificates = null
	ssl.truststore.location = null
	ssl.truststore.password = null
	ssl.truststore.type = JKS
	value.deserializer = class org.apache.kafka.common.serialization.StringDeserializer

21:38:22.921 [main] DEBUG org.apache.kafka.clients.consumer.internals.LegacyKafkaConsumer -- [Consumer clientId=consumer-TXEQ_SUBSCRIBER-1, groupId=TXEQ_SUBSCRIBER] Initializing the Kafka consumer
21:38:22.953 [main] INFO org.apache.kafka.common.telemetry.internals.KafkaMetricsCollector -- initializing Kafka metrics collector
21:38:23.060 [main] INFO org.apache.kafka.clients.consumer.ConsumerConfig -- These configurations '[oracle.net.tns_admin, oracle.service.name]' were supplied but are not used yet.
21:38:23.061 [main] INFO org.apache.kafka.common.utils.AppInfoParser -- Kafka version: 3.7.1
21:38:23.062 [main] INFO org.apache.kafka.common.utils.AppInfoParser -- Kafka commitId: e2494e6ffb89f828
21:38:23.062 [main] INFO org.apache.kafka.common.utils.AppInfoParser -- Kafka startTimeMs: 1722559103061
21:38:23.063 [main] DEBUG org.apache.kafka.clients.consumer.internals.LegacyKafkaConsumer -- [Consumer clientId=consumer-TXEQ_SUBSCRIBER-1, groupId=TXEQ_SUBSCRIBER] Kafka consumer initialized
21:38:23.064 [main] INFO org.apache.kafka.clients.consumer.internals.LegacyKafkaConsumer -- [Consumer clientId=consumer-TXEQ_SUBSCRIBER-1, groupId=TXEQ_SUBSCRIBER] Subscribed to topic(s): TXEQ
21:38:23.064 [main] DEBUG org.apache.kafka.clients.consumer.internals.ConsumerCoordinator -- [Consumer clientId=consumer-TXEQ_SUBSCRIBER-1, groupId=TXEQ_SUBSCRIBER] Sending FindCoordinator request to broker 84.235.172.160:1521 (id: -1 rack: null)
21:38:23.171 [main] DEBUG org.apache.kafka.clients.ClientUtils -- Resolved host 84.235.172.160 as 84.235.172.160
21:38:23.171 [main] DEBUG org.apache.kafka.clients.ClusterConnectionStates -- [Consumer clientId=consumer-TXEQ_SUBSCRIBER-1, groupId=TXEQ_SUBSCRIBER] Resolved host 84.235.172.160 to addresses [/84.235.172.160]
21:38:23.171 [main] DEBUG org.apache.kafka.clients.NetworkClient -- [Consumer clientId=consumer-TXEQ_SUBSCRIBER-1, groupId=TXEQ_SUBSCRIBER] Initiating connection to node 84.235.172.160:1521 (id: -1 rack: null) using address /84.235.172.160
21:38:23.440 [main] DEBUG org.apache.kafka.common.network.Selector -- [Consumer clientId=consumer-TXEQ_SUBSCRIBER-1, groupId=TXEQ_SUBSCRIBER] Created socket with SO_RCVBUF = 66240, SO_SNDBUF = 132480, SO_TIMEOUT = 0 to node -1
21:38:23.444 [main] DEBUG org.apache.kafka.clients.NetworkClient -- [Consumer clientId=consumer-TXEQ_SUBSCRIBER-1, groupId=TXEQ_SUBSCRIBER] Completed connection to node -1. Fetching API versions.
21:38:23.444 [main] DEBUG org.apache.kafka.clients.NetworkClient -- [Consumer clientId=consumer-TXEQ_SUBSCRIBER-1, groupId=TXEQ_SUBSCRIBER] Initiating API versions fetch from node -1.
21:38:23.460 [main] DEBUG org.apache.kafka.clients.NetworkClient -- [Consumer clientId=consumer-TXEQ_SUBSCRIBER-1, groupId=TXEQ_SUBSCRIBER] Sending API_VERSIONS request with header RequestHeader(apiKey=API_VERSIONS, apiVersion=3, clientId=consumer-TXEQ_SUBSCRIBER-1, correlationId=1, headerVersion=2) and timeout 30000 to node -1: ApiVersionsRequestData(clientSoftwareName='apache-kafka-java', clientSoftwareVersion='3.7.1')
21:38:23.685 [main] DEBUG org.apache.kafka.common.network.Selector -- [Consumer clientId=consumer-TXEQ_SUBSCRIBER-1, groupId=TXEQ_SUBSCRIBER] Connection with /84.235.172.160 (channelId=-1) disconnected
java.io.EOFException: null
	at org.apache.kafka.common.network.NetworkReceive.readFrom(NetworkReceive.java:86)
	at org.apache.kafka.common.network.KafkaChannel.receive(KafkaChannel.java:452)
	at org.apache.kafka.common.network.KafkaChannel.read(KafkaChannel.java:402)
	at org.apache.kafka.common.network.Selector.attemptRead(Selector.java:674)
	at org.apache.kafka.common.network.Selector.pollSelectionKeys(Selector.java:576)
	at org.apache.kafka.common.network.Selector.poll(Selector.java:481)
	at org.apache.kafka.clients.NetworkClient.poll(NetworkClient.java:585)
	at org.apache.kafka.clients.consumer.internals.ConsumerNetworkClient.poll(ConsumerNetworkClient.java:281)
	at org.apache.kafka.clients.consumer.internals.ConsumerNetworkClient.poll(ConsumerNetworkClient.java:231)
	at org.apache.kafka.clients.consumer.internals.AbstractCoordinator.ensureCoordinatorReady(AbstractCoordinator.java:289)
	at org.apache.kafka.clients.consumer.internals.AbstractCoordinator.ensureCoordinatorReady(AbstractCoordinator.java:263)
	at org.apache.kafka.clients.consumer.internals.ConsumerCoordinator.coordinatorUnknownAndUnreadySync(ConsumerCoordinator.java:446)
	at org.apache.kafka.clients.consumer.internals.ConsumerCoordinator.poll(ConsumerCoordinator.java:478)
	at org.apache.kafka.clients.consumer.internals.LegacyKafkaConsumer.updateAssignmentMetadataIfNeeded(LegacyKafkaConsumer.java:651)
	at org.apache.kafka.clients.consumer.internals.LegacyKafkaConsumer.poll(LegacyKafkaConsumer.java:610)
	at org.apache.kafka.clients.consumer.internals.LegacyKafkaConsumer.poll(LegacyKafkaConsumer.java:590)
	at org.apache.kafka.clients.consumer.KafkaConsumer.poll(KafkaConsumer.java:874)
	at org.oracle.okafka.examples.ConsumerOKafka.main(ConsumerOKafka.java:49)
21:38:23.689 [main] INFO org.apache.kafka.clients.NetworkClient -- [Consumer clientId=consumer-TXEQ_SUBSCRIBER-1, groupId=TXEQ_SUBSCRIBER] Node -1 disconnected.
21:38:23.691 [main] DEBUG org.apache.kafka.clients.NetworkClient -- [Consumer clientId=consumer-TXEQ_SUBSCRIBER-1, groupId=TXEQ_SUBSCRIBER] Cancelled in-flight API_VERSIONS request with correlation id 1 due to node -1 being disconnected (elapsed time since creation: 246ms, elapsed time since send: 246ms, request timeout: 30000ms): ApiVersionsRequestData(clientSoftwareName='apache-kafka-java', clientSoftwareVersion='3.7.1')
21:38:23.691 [main] WARN org.apache.kafka.clients.NetworkClient -- [Consumer clientId=consumer-TXEQ_SUBSCRIBER-1, groupId=TXEQ_SUBSCRIBER] Bootstrap broker 84.235.172.160:1521 (id: -1 rack: null) disconnected
21:38:23.692 [main] DEBUG org.apache.kafka.clients.consumer.internals.ConsumerNetworkClient -- [Consumer clientId=consumer-TXEQ_SUBSCRIBER-1, groupId=TXEQ_SUBSCRIBER] Cancelled request with header RequestHeader(apiKey=FIND_COORDINATOR, apiVersion=4, clientId=consumer-TXEQ_SUBSCRIBER-1, correlationId=0, headerVersion=2) due to node -1 being disconnected
21:38:23.692 [main] DEBUG org.apache.kafka.clients.consumer.internals.ConsumerCoordinator -- [Consumer clientId=consumer-TXEQ_SUBSCRIBER-1, groupId=TXEQ_SUBSCRIBER] FindCoordinator request failed due to org.apache.kafka.common.errors.DisconnectException
21:38:23.692 [main] DEBUG org.apache.kafka.clients.consumer.internals.ConsumerCoordinator -- [Consumer clientId=consumer-TXEQ_SUBSCRIBER-1, groupId=TXEQ_SUBSCRIBER] Coordinator discovery failed, refreshing metadata
org.apache.kafka.common.errors.DisconnectException: null
21:38:23.807 [main] DEBUG org.apache.kafka.clients.NetworkClient -- [Consumer clientId=consumer-TXEQ_SUBSCRIBER-1, groupId=TXEQ_SUBSCRIBER] Initialize connection to node 84.235.172.160:1521 (id: -1 rack: null) for sending metadata request
21:38:23.807 [main] DEBUG org.apache.kafka.clients.ClientUtils -- Resolved host 84.235.172.160 as 84.235.172.160
21:38:23.807 [main] DEBUG org.apache.kafka.clients.ClusterConnectionStates -- [Consumer clientId=consumer-TXEQ_SUBSCRIBER-1, groupId=TXEQ_SUBSCRIBER] Resolved host 84.235.172.160 to addresses [/84.235.172.160]
21:38:23.807 [main] DEBUG org.apache.kafka.clients.NetworkClient -- [Consumer clientId=consumer-TXEQ_SUBSCRIBER-1, groupId=TXEQ_SUBSCRIBER] Initiating connection to node 84.235.172.160:1521 (id: -1 rack: null) using address /84.235.172.160
21:38:24.033 [main] DEBUG org.apache.kafka.common.network.Selector -- [Consumer clientId=consumer-TXEQ_SUBSCRIBER-1, groupId=TXEQ_SUBSCRIBER] Created socket with SO_RCVBUF = 66240, SO_SNDBUF = 132480, SO_TIMEOUT = 0 to node -1
21:38:24.034 [main] DEBUG org.apache.kafka.clients.NetworkClient -- [Consumer clientId=consumer-TXEQ_SUBSCRIBER-1, groupId=TXEQ_SUBSCRIBER] Completed connection to node -1. Fetching API versions.
21:38:24.034 [main] DEBUG org.apache.kafka.clients.NetworkClient -- [Consumer clientId=consumer-TXEQ_SUBSCRIBER-1, groupId=TXEQ_SUBSCRIBER] Initiating API versions fetch from node -1.
21:38:24.034 [main] DEBUG org.apache.kafka.clients.NetworkClient -- [Consumer clientId=consumer-TXEQ_SUBSCRIBER-1, groupId=TXEQ_SUBSCRIBER] Sending API_VERSIONS request with header RequestHeader(apiKey=API_VERSIONS, apiVersion=3, clientId=consumer-TXEQ_SUBSCRIBER-1, correlationId=2, headerVersion=2) and timeout 30000 to node -1: ApiVersionsRequestData(clientSoftwareName='apache-kafka-java', clientSoftwareVersion='3.7.1')
21:38:24.259 [main] DEBUG org.apache.kafka.common.network.Selector -- [Consumer clientId=consumer-TXEQ_SUBSCRIBER-1, groupId=TXEQ_SUBSCRIBER] Connection with /84.235.172.160 (channelId=-1) disconnected
java.io.EOFException: null
	at org.apache.kafka.common.network.NetworkReceive.readFrom(NetworkReceive.java:86)
	at org.apache.kafka.common.network.KafkaChannel.receive(KafkaChannel.java:452)
	at org.apache.kafka.common.network.KafkaChannel.read(KafkaChannel.java:402)
	at org.apache.kafka.common.network.Selector.attemptRead(Selector.java:674)
	at org.apache.kafka.common.network.Selector.pollSelectionKeys(Selector.java:576)
	at org.apache.kafka.common.network.Selector.poll(Selector.java:481)
	at org.apache.kafka.clients.NetworkClient.poll(NetworkClient.java:585)
	at org.apache.kafka.clients.consumer.internals.ConsumerNetworkClient.poll(ConsumerNetworkClient.java:281)
	at org.apache.kafka.clients.consumer.internals.ConsumerNetworkClient.poll(ConsumerNetworkClient.java:252)
	at org.apache.kafka.clients.consumer.internals.ConsumerNetworkClient.poll(ConsumerNetworkClient.java:243)
	at org.apache.kafka.clients.consumer.internals.ConsumerNetworkClient.awaitMetadataUpdate(ConsumerNetworkClient.java:165)
	at org.apache.kafka.clients.consumer.internals.AbstractCoordinator.ensureCoordinatorReady(AbstractCoordinator.java:302)
	at org.apache.kafka.clients.consumer.internals.AbstractCoordinator.ensureCoordinatorReady(AbstractCoordinator.java:263)
	at org.apache.kafka.clients.consumer.internals.ConsumerCoordinator.coordinatorUnknownAndUnreadySync(ConsumerCoordinator.java:446)
	at org.apache.kafka.clients.consumer.internals.ConsumerCoordinator.poll(ConsumerCoordinator.java:478)
	at org.apache.kafka.clients.consumer.internals.LegacyKafkaConsumer.updateAssignmentMetadataIfNeeded(LegacyKafkaConsumer.java:651)
	at org.apache.kafka.clients.consumer.internals.LegacyKafkaConsumer.poll(LegacyKafkaConsumer.java:610)
	at org.apache.kafka.clients.consumer.internals.LegacyKafkaConsumer.poll(LegacyKafkaConsumer.java:590)
	at org.apache.kafka.clients.consumer.KafkaConsumer.poll(KafkaConsumer.java:874)
	at org.oracle.okafka.examples.ConsumerOKafka.main(ConsumerOKafka.java:49)
21:38:24.262 [main] INFO org.apache.kafka.clients.NetworkClient -- [Consumer clientId=consumer-TXEQ_SUBSCRIBER-1, groupId=TXEQ_SUBSCRIBER] Node -1 disconnected.
21:38:24.263 [main] DEBUG org.apache.kafka.clients.NetworkClient -- [Consumer clientId=consumer-TXEQ_SUBSCRIBER-1, groupId=TXEQ_SUBSCRIBER] Cancelled in-flight API_VERSIONS request with correlation id 2 due to node -1 being disconnected (elapsed time since creation: 228ms, elapsed time since send: 228ms, request timeout: 30000ms): ApiVersionsRequestData(clientSoftwareName='apache-kafka-java', clientSoftwareVersion='3.7.1')
21:38:24.263 [main] WARN org.apache.kafka.clients.NetworkClient -- [Consumer clientId=consumer-TXEQ_SUBSCRIBER-1, groupId=TXEQ_SUBSCRIBER] Bootstrap broker 84.235.172.160:1521 (id: -1 rack: null) disconnected
21:38:24.263 [main] DEBUG org.apache.kafka.clients.NetworkClient -- [Consumer clientId=consumer-TXEQ_SUBSCRIBER-1, groupId=TXEQ_SUBSCRIBER] Give up sending telemetry request since no node is available
21:38:24.315 [main] DEBUG org.apache.kafka.clients.NetworkClient -- [Consumer clientId=consumer-TXEQ_SUBSCRIBER-1, groupId=TXEQ_SUBSCRIBER] Give up sending telemetry request since no node is available
21:38:24.366 [main] DEBUG org.apache.kafka.clients.NetworkClient -- [Consumer clientId=consumer-TXEQ_SUBSCRIBER-1, groupId=TXEQ_SUBSCRIBER] Give up sending telemetry request since no node is available
21:38:24.418 [main] DEBUG org.apache.kafka.clients.NetworkClient -- [Consumer clientId=consumer-TXEQ_SUBSCRIBER-1, groupId=TXEQ_SUBSCRIBER] Initialize connection to node 84.235.172.160:1521 (id: -1 rack: null) for sending telemetry request
21:38:24.418 [main] DEBUG org.apache.kafka.clients.ClientUtils -- Resolved host 84.235.172.160 as 84.235.172.160
21:38:24.418 [main] DEBUG org.apache.kafka.clients.ClusterConnectionStates -- [Consumer clientId=consumer-TXEQ_SUBSCRIBER-1, groupId=TXEQ_SUBSCRIBER] Resolved host 84.235.172.160 to addresses [/84.235.172.160]
21:38:24.418 [main] DEBUG org.apache.kafka.clients.NetworkClient -- [Consumer clientId=consumer-TXEQ_SUBSCRIBER-1, groupId=TXEQ_SUBSCRIBER] Initiating connection to node 84.235.172.160:1521 (id: -1 rack: null) using address /84.235.172.160
21:38:24.641 [main] DEBUG org.apache.kafka.common.network.Selector -- [Consumer clientId=consumer-TXEQ_SUBSCRIBER-1, groupId=TXEQ_SUBSCRIBER] Created socket with SO_RCVBUF = 66240, SO_SNDBUF = 132480, SO_TIMEOUT = 0 to node -1
21:38:24.642 [main] DEBUG org.apache.kafka.clients.NetworkClient -- [Consumer clientId=consumer-TXEQ_SUBSCRIBER-1, groupId=TXEQ_SUBSCRIBER] Completed connection to node -1. Fetching API versions.
21:38:24.642 [main] DEBUG org.apache.kafka.clients.NetworkClient -- [Consumer clientId=consumer-TXEQ_SUBSCRIBER-1, groupId=TXEQ_SUBSCRIBER] Initiating API versions fetch from node -1.
21:38:24.642 [main] DEBUG org.apache.kafka.clients.NetworkClient -- [Consumer clientId=consumer-TXEQ_SUBSCRIBER-1, groupId=TXEQ_SUBSCRIBER] Sending API_VERSIONS request with header RequestHeader(apiKey=API_VERSIONS, apiVersion=3, clientId=consumer-TXEQ_SUBSCRIBER-1, correlationId=3, headerVersion=2) and timeout 30000 to node -1: ApiVersionsRequestData(clientSoftwareName='apache-kafka-java', clientSoftwareVersion='3.7.1')
21:38:24.863 [main] DEBUG org.apache.kafka.common.network.Selector -- [Consumer clientId=consumer-TXEQ_SUBSCRIBER-1, groupId=TXEQ_SUBSCRIBER] Connection with /84.235.172.160 (channelId=-1) disconnected
java.io.EOFException: null
	at org.apache.kafka.common.network.NetworkReceive.readFrom(NetworkReceive.java:86)
	at org.apache.kafka.common.network.KafkaChannel.receive(KafkaChannel.java:452)
	at org.apache.kafka.common.network.KafkaChannel.read(KafkaChannel.java:402)
	at org.apache.kafka.common.network.Selector.attemptRead(Selector.java:674)
	at org.apache.kafka.common.network.Selector.pollSelectionKeys(Selector.java:576)
	at org.apache.kafka.common.network.Selector.poll(Selector.java:481)
	at org.apache.kafka.clients.NetworkClient.poll(NetworkClient.java:585)
	at org.apache.kafka.clients.consumer.internals.ConsumerNetworkClient.poll(ConsumerNetworkClient.java:281)
	at org.apache.kafka.clients.consumer.internals.ConsumerNetworkClient.poll(ConsumerNetworkClient.java:252)
	at org.apache.kafka.clients.consumer.internals.ConsumerNetworkClient.poll(ConsumerNetworkClient.java:243)
	at org.apache.kafka.clients.consumer.internals.ConsumerNetworkClient.awaitMetadataUpdate(ConsumerNetworkClient.java:165)
	at org.apache.kafka.clients.consumer.internals.AbstractCoordinator.ensureCoordinatorReady(AbstractCoordinator.java:302)
	at org.apache.kafka.clients.consumer.internals.AbstractCoordinator.ensureCoordinatorReady(AbstractCoordinator.java:263)
	at org.apache.kafka.clients.consumer.internals.ConsumerCoordinator.coordinatorUnknownAndUnreadySync(ConsumerCoordinator.java:446)
	at org.apache.kafka.clients.consumer.internals.ConsumerCoordinator.poll(ConsumerCoordinator.java:478)
	at org.apache.kafka.clients.consumer.internals.LegacyKafkaConsumer.updateAssignmentMetadataIfNeeded(LegacyKafkaConsumer.java:651)
	at org.apache.kafka.clients.consumer.internals.LegacyKafkaConsumer.poll(LegacyKafkaConsumer.java:610)
	at org.apache.kafka.clients.consumer.internals.LegacyKafkaConsumer.poll(LegacyKafkaConsumer.java:590)
	at org.apache.kafka.clients.consumer.KafkaConsumer.poll(KafkaConsumer.java:874)
	at org.oracle.okafka.examples.ConsumerOKafka.main(ConsumerOKafka.java:49)
21:38:24.864 [main] INFO org.apache.kafka.clients.NetworkClient -- [Consumer clientId=consumer-TXEQ_SUBSCRIBER-1, groupId=TXEQ_SUBSCRIBER] Node -1 disconnected.
21:38:24.865 [main] DEBUG org.apache.kafka.clients.NetworkClient -- [Consumer clientId=consumer-TXEQ_SUBSCRIBER-1, groupId=TXEQ_SUBSCRIBER] Cancelled in-flight API_VERSIONS request with correlation id 3 due to node -1 being disconnected (elapsed time since creation: 222ms, elapsed time since send: 222ms, request timeout: 30000ms): ApiVersionsRequestData(clientSoftwareName='apache-kafka-java', clientSoftwareVersion='3.7.1')
21:38:24.865 [main] WARN org.apache.kafka.clients.NetworkClient -- [Consumer clientId=consumer-TXEQ_SUBSCRIBER-1, groupId=TXEQ_SUBSCRIBER] Bootstrap broker 84.235.172.160:1521 (id: -1 rack: null) disconnected
21:38:24.865 [main] DEBUG org.apache.kafka.clients.NetworkClient -- [Consumer clientId=consumer-TXEQ_SUBSCRIBER-1, groupId=TXEQ_SUBSCRIBER] Give up sending telemetry request since no node is available
21:38:24.917 [main] DEBUG org.apache.kafka.clients.NetworkClient -- [Consumer clientId=consumer-TXEQ_SUBSCRIBER-1, groupId=TXEQ_SUBSCRIBER] Give up sending telemetry request since no node is available
21:38:24.971 [main] DEBUG org.apache.kafka.clients.NetworkClient -- [Consumer clientId=consumer-TXEQ_SUBSCRIBER-1, groupId=TXEQ_SUBSCRIBER] Give up sending telemetry request since no node is available
21:38:25.022 [main] DEBUG org.apache.kafka.clients.NetworkClient -- [Consumer clientId=consumer-TXEQ_SUBSCRIBER-1, groupId=TXEQ_SUBSCRIBER] Give up sending telemetry request since no node is available
21:38:25.074 [main] DEBUG org.apache.kafka.clients.NetworkClient -- [Consumer clientId=consumer-TXEQ_SUBSCRIBER-1, groupId=TXEQ_SUBSCRIBER] Initialize connection to node 84.235.172.160:1521 (id: -1 rack: null) for sending telemetry request
21:38:25.074 [main] DEBUG org.apache.kafka.clients.ClientUtils -- Resolved host 84.235.172.160 as 84.235.172.160
21:38:25.074 [main] DEBUG org.apache.kafka.clients.ClusterConnectionStates -- [Consumer clientId=consumer-TXEQ_SUBSCRIBER-1, groupId=TXEQ_SUBSCRIBER] Resolved host 84.235.172.160 to addresses [/84.235.172.160]
21:38:25.074 [main] DEBUG org.apache.kafka.clients.NetworkClient -- [Consumer clientId=consumer-TXEQ_SUBSCRIBER-1, groupId=TXEQ_SUBSCRIBER] Initiating connection to node 84.235.172.160:1521 (id: -1 rack: null) using address /84.235.172.160
21:38:25.303 [main] DEBUG org.apache.kafka.common.network.Selector -- [Consumer clientId=consumer-TXEQ_SUBSCRIBER-1, groupId=TXEQ_SUBSCRIBER] Created socket with SO_RCVBUF = 66240, SO_SNDBUF = 132480, SO_TIMEOUT = 0 to node -1
21:38:25.303 [main] DEBUG org.apache.kafka.clients.NetworkClient -- [Consumer clientId=consumer-TXEQ_SUBSCRIBER-1, groupId=TXEQ_SUBSCRIBER] Completed connection to node -1. Fetching API versions.
21:38:25.303 [main] DEBUG org.apache.kafka.clients.NetworkClient -- [Consumer clientId=consumer-TXEQ_SUBSCRIBER-1, groupId=TXEQ_SUBSCRIBER] Initiating API versions fetch from node -1.
21:38:25.304 [main] DEBUG org.apache.kafka.clients.NetworkClient -- [Consumer clientId=consumer-TXEQ_SUBSCRIBER-1, groupId=TXEQ_SUBSCRIBER] Sending API_VERSIONS request with header RequestHeader(apiKey=API_VERSIONS, apiVersion=3, clientId=consumer-TXEQ_SUBSCRIBER-1, correlationId=4, headerVersion=2) and timeout 30000 to node -1: ApiVersionsRequestData(clientSoftwareName='apache-kafka-java', clientSoftwareVersion='3.7.1')
21:38:25.522 [main] DEBUG org.apache.kafka.common.network.Selector -- [Consumer clientId=consumer-TXEQ_SUBSCRIBER-1, groupId=TXEQ_SUBSCRIBER] Connection with /84.235.172.160 (channelId=-1) disconnected
java.io.EOFException: null
	at org.apache.kafka.common.network.NetworkReceive.readFrom(NetworkReceive.java:86)
	at org.apache.kafka.common.network.KafkaChannel.receive(KafkaChannel.java:452)
	at org.apache.kafka.common.network.KafkaChannel.read(KafkaChannel.java:402)
	at org.apache.kafka.common.network.Selector.attemptRead(Selector.java:674)
	at org.apache.kafka.common.network.Selector.pollSelectionKeys(Selector.java:576)
	at org.apache.kafka.common.network.Selector.poll(Selector.java:481)
	at org.apache.kafka.clients.NetworkClient.poll(NetworkClient.java:585)
	at org.apache.kafka.clients.consumer.internals.ConsumerNetworkClient.poll(ConsumerNetworkClient.java:281)
	at org.apache.kafka.clients.consumer.internals.ConsumerNetworkClient.poll(ConsumerNetworkClient.java:252)
	at org.apache.kafka.clients.consumer.internals.ConsumerNetworkClient.poll(ConsumerNetworkClient.java:243)
	at org.apache.kafka.clients.consumer.internals.ConsumerNetworkClient.awaitMetadataUpdate(ConsumerNetworkClient.java:165)
	at org.apache.kafka.clients.consumer.internals.AbstractCoordinator.ensureCoordinatorReady(AbstractCoordinator.java:302)
	at org.apache.kafka.clients.consumer.internals.AbstractCoordinator.ensureCoordinatorReady(AbstractCoordinator.java:263)
	at org.apache.kafka.clients.consumer.internals.ConsumerCoordinator.coordinatorUnknownAndUnreadySync(ConsumerCoordinator.java:446)
	at org.apache.kafka.clients.consumer.internals.ConsumerCoordinator.poll(ConsumerCoordinator.java:478)
	at org.apache.kafka.clients.consumer.internals.LegacyKafkaConsumer.updateAssignmentMetadataIfNeeded(LegacyKafkaConsumer.java:651)
	at org.apache.kafka.clients.consumer.internals.LegacyKafkaConsumer.poll(LegacyKafkaConsumer.java:610)
	at org.apache.kafka.clients.consumer.internals.LegacyKafkaConsumer.poll(LegacyKafkaConsumer.java:590)
	at org.apache.kafka.clients.consumer.KafkaConsumer.poll(KafkaConsumer.java:874)
	at org.oracle.okafka.examples.ConsumerOKafka.main(ConsumerOKafka.java:49)
21:38:25.523 [main] INFO org.apache.kafka.clients.NetworkClient -- [Consumer clientId=consumer-TXEQ_SUBSCRIBER-1, groupId=TXEQ_SUBSCRIBER] Node -1 disconnected.
21:38:25.523 [main] DEBUG org.apache.kafka.clients.NetworkClient -- [Consumer clientId=consumer-TXEQ_SUBSCRIBER-1, groupId=TXEQ_SUBSCRIBER] Cancelled in-flight API_VERSIONS request with correlation id 4 due to node -1 being disconnected (elapsed time since creation: 220ms, elapsed time since send: 220ms, request timeout: 30000ms): ApiVersionsRequestData(clientSoftwareName='apache-kafka-java', clientSoftwareVersion='3.7.1')
21:38:25.523 [main] WARN org.apache.kafka.clients.NetworkClient -- [Consumer clientId=consumer-TXEQ_SUBSCRIBER-1, groupId=TXEQ_SUBSCRIBER] Bootstrap broker 84.235.172.160:1521 (id: -1 rack: null) disconnected
21:38:25.523 [main] DEBUG org.apache.kafka.clients.NetworkClient -- [Consumer clientId=consumer-TXEQ_SUBSCRIBER-1, groupId=TXEQ_SUBSCRIBER] Give up sending telemetry request since no node is available
21:38:25.575 [main] DEBUG org.apache.kafka.clients.NetworkClient -- [Consumer clientId=consumer-TXEQ_SUBSCRIBER-1, groupId=TXEQ_SUBSCRIBER] Give up sending telemetry request since no node is available
21:38:25.626 [main] DEBUG org.apache.kafka.clients.NetworkClient -- [Consumer clientId=consumer-TXEQ_SUBSCRIBER-1, groupId=TXEQ_SUBSCRIBER] Give up sending telemetry request since no node is available
21:38:25.677 [main] DEBUG org.apache.kafka.clients.NetworkClient -- [Consumer clientId=consumer-TXEQ_SUBSCRIBER-1, groupId=TXEQ_SUBSCRIBER] Give up sending telemetry request since no node is available
21:38:25.729 [main] DEBUG org.apache.kafka.clients.NetworkClient -- [Consumer clientId=consumer-TXEQ_SUBSCRIBER-1, groupId=TXEQ_SUBSCRIBER] Give up sending telemetry request since no node is available
21:38:25.780 [main] DEBUG org.apache.kafka.clients.NetworkClient -- [Consumer clientId=consumer-TXEQ_SUBSCRIBER-1, groupId=TXEQ_SUBSCRIBER] Give up sending telemetry request since no node is available
21:38:25.832 [main] DEBUG org.apache.kafka.clients.NetworkClient -- [Consumer clientId=consumer-TXEQ_SUBSCRIBER-1, groupId=TXEQ_SUBSCRIBER] Give up sending telemetry request since no node is available
21:38:25.884 [main] DEBUG org.apache.kafka.clients.NetworkClient -- [Consumer clientId=consumer-TXEQ_SUBSCRIBER-1, groupId=TXEQ_SUBSCRIBER] Give up sending telemetry request since no node is available
21:38:25.937 [main] DEBUG org.apache.kafka.clients.NetworkClient -- [Consumer clientId=consumer-TXEQ_SUBSCRIBER-1, groupId=TXEQ_SUBSCRIBER] Initialize connection to node 84.235.172.160:1521 (id: -1 rack: null) for sending telemetry request
21:38:25.937 [main] DEBUG org.apache.kafka.clients.ClientUtils -- Resolved host 84.235.172.160 as 84.235.172.160
21:38:25.937 [main] DEBUG org.apache.kafka.clients.ClusterConnectionStates -- [Consumer clientId=consumer-TXEQ_SUBSCRIBER-1, groupId=TXEQ_SUBSCRIBER] Resolved host 84.235.172.160 to addresses [/84.235.172.160]
21:38:25.937 [main] DEBUG org.apache.kafka.clients.NetworkClient -- [Consumer clientId=consumer-TXEQ_SUBSCRIBER-1, groupId=TXEQ_SUBSCRIBER] Initiating connection to node 84.235.172.160:1521 (id: -1 rack: null) using address /84.235.172.160
21:38:26.166 [main] DEBUG org.apache.kafka.common.network.Selector -- [Consumer clientId=consumer-TXEQ_SUBSCRIBER-1, groupId=TXEQ_SUBSCRIBER] Created socket with SO_RCVBUF = 66240, SO_SNDBUF = 132480, SO_TIMEOUT = 0 to node -1
21:38:26.167 [main] DEBUG org.apache.kafka.clients.NetworkClient -- [Consumer clientId=consumer-TXEQ_SUBSCRIBER-1, groupId=TXEQ_SUBSCRIBER] Completed connection to node -1. Fetching API versions.
21:38:26.168 [main] DEBUG org.apache.kafka.clients.NetworkClient -- [Consumer clientId=consumer-TXEQ_SUBSCRIBER-1, groupId=TXEQ_SUBSCRIBER] Initiating API versions fetch from node -1.
21:38:26.169 [main] DEBUG org.apache.kafka.clients.NetworkClient -- [Consumer clientId=consumer-TXEQ_SUBSCRIBER-1, groupId=TXEQ_SUBSCRIBER] Sending API_VERSIONS request with header RequestHeader(apiKey=API_VERSIONS, apiVersion=3, clientId=consumer-TXEQ_SUBSCRIBER-1, correlationId=5, headerVersion=2) and timeout 30000 to node -1: ApiVersionsRequestData(clientSoftwareName='apache-kafka-java', clientSoftwareVersion='3.7.1')
21:38:26.392 [main] DEBUG org.apache.kafka.common.network.Selector -- [Consumer clientId=consumer-TXEQ_SUBSCRIBER-1, groupId=TXEQ_SUBSCRIBER] Connection with /84.235.172.160 (channelId=-1) disconnected
java.io.EOFException: null
	at org.apache.kafka.common.network.NetworkReceive.readFrom(NetworkReceive.java:86)
	at org.apache.kafka.common.network.KafkaChannel.receive(KafkaChannel.java:452)
	at org.apache.kafka.common.network.KafkaChannel.read(KafkaChannel.java:402)
	at org.apache.kafka.common.network.Selector.attemptRead(Selector.java:674)
	at org.apache.kafka.common.network.Selector.pollSelectionKeys(Selector.java:576)
	at org.apache.kafka.common.network.Selector.poll(Selector.java:481)
	at org.apache.kafka.clients.NetworkClient.poll(NetworkClient.java:585)
	at org.apache.kafka.clients.consumer.internals.ConsumerNetworkClient.poll(ConsumerNetworkClient.java:281)
	at org.apache.kafka.clients.consumer.internals.ConsumerNetworkClient.poll(ConsumerNetworkClient.java:252)
	at org.apache.kafka.clients.consumer.internals.ConsumerNetworkClient.poll(ConsumerNetworkClient.java:243)
	at org.apache.kafka.clients.consumer.internals.ConsumerNetworkClient.awaitMetadataUpdate(ConsumerNetworkClient.java:165)
	at org.apache.kafka.clients.consumer.internals.AbstractCoordinator.ensureCoordinatorReady(AbstractCoordinator.java:302)
	at org.apache.kafka.clients.consumer.internals.AbstractCoordinator.ensureCoordinatorReady(AbstractCoordinator.java:263)
	at org.apache.kafka.clients.consumer.internals.ConsumerCoordinator.coordinatorUnknownAndUnreadySync(ConsumerCoordinator.java:446)
	at org.apache.kafka.clients.consumer.internals.ConsumerCoordinator.poll(ConsumerCoordinator.java:478)
	at org.apache.kafka.clients.consumer.internals.LegacyKafkaConsumer.updateAssignmentMetadataIfNeeded(LegacyKafkaConsumer.java:651)
	at org.apache.kafka.clients.consumer.internals.LegacyKafkaConsumer.poll(LegacyKafkaConsumer.java:610)
	at org.apache.kafka.clients.consumer.internals.LegacyKafkaConsumer.poll(LegacyKafkaConsumer.java:590)
	at org.apache.kafka.clients.consumer.KafkaConsumer.poll(KafkaConsumer.java:874)
	at org.oracle.okafka.examples.ConsumerOKafka.main(ConsumerOKafka.java:49)
21:38:26.394 [main] INFO org.apache.kafka.clients.NetworkClient -- [Consumer clientId=consumer-TXEQ_SUBSCRIBER-1, groupId=TXEQ_SUBSCRIBER] Node -1 disconnected.
21:38:26.395 [main] DEBUG org.apache.kafka.clients.NetworkClient -- [Consumer clientId=consumer-TXEQ_SUBSCRIBER-1, groupId=TXEQ_SUBSCRIBER] Cancelled in-flight API_VERSIONS request with correlation id 5 due to node -1 being disconnected (elapsed time since creation: 227ms, elapsed time since send: 227ms, request timeout: 30000ms): ApiVersionsRequestData(clientSoftwareName='apache-kafka-java', clientSoftwareVersion='3.7.1')
21:38:26.395 [main] WARN org.apache.kafka.clients.NetworkClient -- [Consumer clientId=consumer-TXEQ_SUBSCRIBER-1, groupId=TXEQ_SUBSCRIBER] Bootstrap broker 84.235.172.160:1521 (id: -1 rack: null) disconnected
21:38:26.401 [main] DEBUG org.apache.kafka.clients.NetworkClient -- [Consumer clientId=consumer-TXEQ_SUBSCRIBER-1, groupId=TXEQ_SUBSCRIBER] Give up sending telemetry request since no node is available
21:38:26.453 [main] DEBUG org.apache.kafka.clients.NetworkClient -- [Consumer clientId=consumer-TXEQ_SUBSCRIBER-1, groupId=TXEQ_SUBSCRIBER] Give up sending telemetry request since no node is available
21:38:26.505 [main] DEBUG org.apache.kafka.clients.NetworkClient -- [Consumer clientId=consumer-TXEQ_SUBSCRIBER-1, groupId=TXEQ_SUBSCRIBER] Give up sending telemetry request since no node is available
21:38:26.556 [main] DEBUG org.apache.kafka.clients.NetworkClient -- [Consumer clientId=consumer-TXEQ_SUBSCRIBER-1, groupId=TXEQ_SUBSCRIBER] Give up sending telemetry request since no node is available
21:38:26.608 [main] DEBUG org.apache.kafka.clients.NetworkClient -- [Consumer clientId=consumer-TXEQ_SUBSCRIBER-1, groupId=TXEQ_SUBSCRIBER] Give up sending telemetry request since no node is available
21:38:26.660 [main] DEBUG org.apache.kafka.clients.NetworkClient -- [Consumer clientId=consumer-TXEQ_SUBSCRIBER-1, groupId=TXEQ_SUBSCRIBER] Give up sending telemetry request since no node is available
21:38:26.712 [main] DEBUG org.apache.kafka.clients.NetworkClient -- [Consumer clientId=consumer-TXEQ_SUBSCRIBER-1, groupId=TXEQ_SUBSCRIBER] Give up sending telemetry request since no node is available
21:38:26.763 [main] DEBUG org.apache.kafka.clients.NetworkClient -- [Consumer clientId=consumer-TXEQ_SUBSCRIBER-1, groupId=TXEQ_SUBSCRIBER] Give up sending telemetry request since no node is available
21:38:26.815 [main] DEBUG org.apache.kafka.clients.NetworkClient -- [Consumer clientId=consumer-TXEQ_SUBSCRIBER-1, groupId=TXEQ_SUBSCRIBER] Give up sending telemetry request since no node is available
21:38:26.866 [main] DEBUG org.apache.kafka.clients.NetworkClient -- [Consumer clientId=consumer-TXEQ_SUBSCRIBER-1, groupId=TXEQ_SUBSCRIBER] Give up sending telemetry request since no node is available
21:38:26.918 [main] DEBUG org.apache.kafka.clients.NetworkClient -- [Consumer clientId=consumer-TXEQ_SUBSCRIBER-1, groupId=TXEQ_SUBSCRIBER] Give up sending telemetry request since no node is available
21:38:26.970 [main] DEBUG org.apache.kafka.clients.NetworkClient -- [Consumer clientId=consumer-TXEQ_SUBSCRIBER-1, groupId=TXEQ_SUBSCRIBER] Give up sending telemetry request since no node is available
21:38:27.021 [main] DEBUG org.apache.kafka.clients.NetworkClient -- [Consumer clientId=consumer-TXEQ_SUBSCRIBER-1, groupId=TXEQ_SUBSCRIBER] Give up sending telemetry request since no node is available
21:38:27.073 [main] DEBUG org.apache.kafka.clients.NetworkClient -- [Consumer clientId=consumer-TXEQ_SUBSCRIBER-1, groupId=TXEQ_SUBSCRIBER] Give up sending telemetry request since no node is available
21:38:27.125 [main] DEBUG org.apache.kafka.clients.NetworkClient -- [Consumer clientId=consumer-TXEQ_SUBSCRIBER-1, groupId=TXEQ_SUBSCRIBER] Initialize connection to node 84.235.172.160:1521 (id: -1 rack: null) for sending telemetry request
21:38:27.126 [main] DEBUG org.apache.kafka.clients.ClientUtils -- Resolved host 84.235.172.160 as 84.235.172.160
21:38:27.126 [main] DEBUG org.apache.kafka.clients.ClusterConnectionStates -- [Consumer clientId=consumer-TXEQ_SUBSCRIBER-1, groupId=TXEQ_SUBSCRIBER] Resolved host 84.235.172.160 to addresses [/84.235.172.160]
21:38:27.126 [main] DEBUG org.apache.kafka.clients.NetworkClient -- [Consumer clientId=consumer-TXEQ_SUBSCRIBER-1, groupId=TXEQ_SUBSCRIBER] Initiating connection to node 84.235.172.160:1521 (id: -1 rack: null) using address /84.235.172.160
21:38:27.419 [main] DEBUG org.apache.kafka.common.network.Selector -- [Consumer clientId=consumer-TXEQ_SUBSCRIBER-1, groupId=TXEQ_SUBSCRIBER] Created socket with SO_RCVBUF = 66240, SO_SNDBUF = 132480, SO_TIMEOUT = 0 to node -1
21:38:27.419 [main] DEBUG org.apache.kafka.clients.NetworkClient -- [Consumer clientId=consumer-TXEQ_SUBSCRIBER-1, groupId=TXEQ_SUBSCRIBER] Completed connection to node -1. Fetching API versions.
21:38:27.419 [main] DEBUG org.apache.kafka.clients.NetworkClient -- [Consumer clientId=consumer-TXEQ_SUBSCRIBER-1, groupId=TXEQ_SUBSCRIBER] Initiating API versions fetch from node -1.
21:38:27.419 [main] DEBUG org.apache.kafka.clients.NetworkClient -- [Consumer clientId=consumer-TXEQ_SUBSCRIBER-1, groupId=TXEQ_SUBSCRIBER] Sending API_VERSIONS request with header RequestHeader(apiKey=API_VERSIONS, apiVersion=3, clientId=consumer-TXEQ_SUBSCRIBER-1, correlationId=6, headerVersion=2) and timeout 30000 to node -1: ApiVersionsRequestData(clientSoftwareName='apache-kafka-java', clientSoftwareVersion='3.7.1')
21:38:27.645 [main] DEBUG org.apache.kafka.common.network.Selector -- [Consumer clientId=consumer-TXEQ_SUBSCRIBER-1, groupId=TXEQ_SUBSCRIBER] Connection with /84.235.172.160 (channelId=-1) disconnected
java.io.EOFException: null
	at org.apache.kafka.common.network.NetworkReceive.readFrom(NetworkReceive.java:86)
	at org.apache.kafka.common.network.KafkaChannel.receive(KafkaChannel.java:452)
	at org.apache.kafka.common.network.KafkaChannel.read(KafkaChannel.java:402)
	at org.apache.kafka.common.network.Selector.attemptRead(Selector.java:674)
	at org.apache.kafka.common.network.Selector.pollSelectionKeys(Selector.java:576)
	at org.apache.kafka.common.network.Selector.poll(Selector.java:481)
	at org.apache.kafka.clients.NetworkClient.poll(NetworkClient.java:585)
	at org.apache.kafka.clients.consumer.internals.ConsumerNetworkClient.poll(ConsumerNetworkClient.java:281)
	at org.apache.kafka.clients.consumer.internals.ConsumerNetworkClient.poll(ConsumerNetworkClient.java:252)
	at org.apache.kafka.clients.consumer.internals.ConsumerNetworkClient.poll(ConsumerNetworkClient.java:243)
	at org.apache.kafka.clients.consumer.internals.ConsumerNetworkClient.awaitMetadataUpdate(ConsumerNetworkClient.java:165)
	at org.apache.kafka.clients.consumer.internals.AbstractCoordinator.ensureCoordinatorReady(AbstractCoordinator.java:302)
	at org.apache.kafka.clients.consumer.internals.AbstractCoordinator.ensureCoordinatorReady(AbstractCoordinator.java:263)
	at org.apache.kafka.clients.consumer.internals.ConsumerCoordinator.coordinatorUnknownAndUnreadySync(ConsumerCoordinator.java:446)
	at org.apache.kafka.clients.consumer.internals.ConsumerCoordinator.poll(ConsumerCoordinator.java:478)
	at org.apache.kafka.clients.consumer.internals.LegacyKafkaConsumer.updateAssignmentMetadataIfNeeded(LegacyKafkaConsumer.java:651)
	at org.apache.kafka.clients.consumer.internals.LegacyKafkaConsumer.poll(LegacyKafkaConsumer.java:610)
	at org.apache.kafka.clients.consumer.internals.LegacyKafkaConsumer.poll(LegacyKafkaConsumer.java:590)
	at org.apache.kafka.clients.consumer.KafkaConsumer.poll(KafkaConsumer.java:874)
	at org.oracle.okafka.examples.ConsumerOKafka.main(ConsumerOKafka.java:49)
21:38:27.645 [main] INFO org.apache.kafka.clients.NetworkClient -- [Consumer clientId=consumer-TXEQ_SUBSCRIBER-1, groupId=TXEQ_SUBSCRIBER] Node -1 disconnected.
21:38:27.646 [main] DEBUG org.apache.kafka.clients.NetworkClient -- [Consumer clientId=consumer-TXEQ_SUBSCRIBER-1, groupId=TXEQ_SUBSCRIBER] Cancelled in-flight API_VERSIONS request with correlation id 6 due to node -1 being disconnected (elapsed time since creation: 226ms, elapsed time since send: 226ms, request timeout: 30000ms): ApiVersionsRequestData(clientSoftwareName='apache-kafka-java', clientSoftwareVersion='3.7.1')
21:38:27.646 [main] WARN org.apache.kafka.clients.NetworkClient -- [Consumer clientId=consumer-TXEQ_SUBSCRIBER-1, groupId=TXEQ_SUBSCRIBER] Bootstrap broker 84.235.172.160:1521 (id: -1 rack: null) disconnected
21:38:27.646 [main] DEBUG org.apache.kafka.clients.NetworkClient -- [Consumer clientId=consumer-TXEQ_SUBSCRIBER-1, groupId=TXEQ_SUBSCRIBER] Give up sending telemetry request since no node is available
21:38:27.698 [main] DEBUG org.apache.kafka.clients.NetworkClient -- [Consumer clientId=consumer-TXEQ_SUBSCRIBER-1, groupId=TXEQ_SUBSCRIBER] Give up sending telemetry request since no node is available
21:38:27.750 [main] DEBUG org.apache.kafka.clients.NetworkClient -- [Consumer clientId=consumer-TXEQ_SUBSCRIBER-1, groupId=TXEQ_SUBSCRIBER] Give up sending telemetry request since no node is available
21:38:27.801 [main] DEBUG org.apache.kafka.clients.NetworkClient -- [Consumer clientId=consumer-TXEQ_SUBSCRIBER-1, groupId=TXEQ_SUBSCRIBER] Give up sending telemetry request since no node is available
21:38:27.853 [main] DEBUG org.apache.kafka.clients.NetworkClient -- [Consumer clientId=consumer-TXEQ_SUBSCRIBER-1, groupId=TXEQ_SUBSCRIBER] Give up sending telemetry request since no node is available
21:38:27.904 [main] DEBUG org.apache.kafka.clients.NetworkClient -- [Consumer clientId=consumer-TXEQ_SUBSCRIBER-1, groupId=TXEQ_SUBSCRIBER] Give up sending telemetry request since no node is available
21:38:27.956 [main] DEBUG org.apache.kafka.clients.NetworkClient -- [Consumer clientId=consumer-TXEQ_SUBSCRIBER-1, groupId=TXEQ_SUBSCRIBER] Give up sending telemetry request since no node is available
21:38:28.007 [main] DEBUG org.apache.kafka.clients.NetworkClient -- [Consumer clientId=consumer-TXEQ_SUBSCRIBER-1, groupId=TXEQ_SUBSCRIBER] Give up sending telemetry request since no node is available
21:38:28.059 [main] DEBUG org.apache.kafka.clients.NetworkClient -- [Consumer clientId=consumer-TXEQ_SUBSCRIBER-1, groupId=TXEQ_SUBSCRIBER] Give up sending telemetry request since no node is available
21:38:28.111 [main] DEBUG org.apache.kafka.clients.NetworkClient -- [Consumer clientId=consumer-TXEQ_SUBSCRIBER-1, groupId=TXEQ_SUBSCRIBER] Give up sending telemetry request since no node is available
21:38:28.162 [main] DEBUG org.apache.kafka.clients.NetworkClient -- [Consumer clientId=consumer-TXEQ_SUBSCRIBER-1, groupId=TXEQ_SUBSCRIBER] Give up sending telemetry request since no node is available
21:38:28.214 [main] DEBUG org.apache.kafka.clients.NetworkClient -- [Consumer clientId=consumer-TXEQ_SUBSCRIBER-1, groupId=TXEQ_SUBSCRIBER] Give up sending telemetry request since no node is available
21:38:28.267 [main] DEBUG org.apache.kafka.clients.NetworkClient -- [Consumer clientId=consumer-TXEQ_SUBSCRIBER-1, groupId=TXEQ_SUBSCRIBER] Give up sending telemetry request since no node is available
21:38:28.318 [main] DEBUG org.apache.kafka.clients.NetworkClient -- [Consumer clientId=consumer-TXEQ_SUBSCRIBER-1, groupId=TXEQ_SUBSCRIBER] Give up sending telemetry request since no node is available
21:38:28.370 [main] DEBUG org.apache.kafka.clients.NetworkClient -- [Consumer clientId=consumer-TXEQ_SUBSCRIBER-1, groupId=TXEQ_SUBSCRIBER] Give up sending telemetry request since no node is available
21:38:28.421 [main] DEBUG org.apache.kafka.clients.NetworkClient -- [Consumer clientId=consumer-TXEQ_SUBSCRIBER-1, groupId=TXEQ_SUBSCRIBER] Give up sending telemetry request since no node is available
21:38:28.473 [main] DEBUG org.apache.kafka.clients.NetworkClient -- [Consumer clientId=consumer-TXEQ_SUBSCRIBER-1, groupId=TXEQ_SUBSCRIBER] Initialize connection to node 84.235.172.160:1521 (id: -1 rack: null) for sending telemetry request
21:38:28.473 [main] DEBUG org.apache.kafka.clients.ClientUtils -- Resolved host 84.235.172.160 as 84.235.172.160
21:38:28.473 [main] DEBUG org.apache.kafka.clients.ClusterConnectionStates -- [Consumer clientId=consumer-TXEQ_SUBSCRIBER-1, groupId=TXEQ_SUBSCRIBER] Resolved host 84.235.172.160 to addresses [/84.235.172.160]
21:38:28.473 [main] DEBUG org.apache.kafka.clients.NetworkClient -- [Consumer clientId=consumer-TXEQ_SUBSCRIBER-1, groupId=TXEQ_SUBSCRIBER] Initiating connection to node 84.235.172.160:1521 (id: -1 rack: null) using address /84.235.172.160

> Task :examples:consumer:run FAILED

Execution failed for task ':examples:consumer:run'.
> Build cancelled while executing task ':examples:consumer:run'




