SQL> @run2

NAME                                                                  VALUE
---------------------------------------------------------------- ----------
parse count (hard)                                                     1388

       NUM
----------
       100

       NUM
----------
       100

       NUM
----------
       100

       NUM
----------
       100

       NUM
----------
       100

       NUM
----------
       100

       NUM
----------
       100

       NUM
----------
       100

       NUM
----------
       100

       NUM
----------
       100

       NUM
----------
       100

       NUM
----------
       100

       NUM
----------
       100

       NUM
----------
       100

       NUM
----------
       100

       NUM
----------
       100

       NUM
----------
       100

       NUM
----------
       100

       NUM
----------
       100

       NUM
----------
       100

NAME                                                                  VALUE
---------------------------------------------------------------- ----------
parse count (hard)                                                     1448
SQL> spool off
