SQL> @run2

NAME                                                                  VALUE
---------------------------------------------------------------- ----------
parse count (hard)                                                       39

       NUM
----------
       100

       NUM
----------
       100

       NUM
----------
       100

       NUM
----------
       100

       NUM
----------
       100

       NUM
----------
       100

       NUM
----------
       100

       NUM
----------
       100

       NUM
----------
       100

       NUM
----------
       100

       NUM
----------
       100

       NUM
----------
       100

       NUM
----------
       100

       NUM
----------
       100

       NUM
----------
       100

       NUM
----------
       100

       NUM
----------
       100

       NUM
----------
       100

       NUM
----------
       100

       NUM
----------
       100

NAME                                                                  VALUE
---------------------------------------------------------------- ----------
parse count (hard)                                                       39
SQL> spool off
